1643
0
1
cd-a 1
1
2
dab-b 6
ehb-b 1
2
6
bi-c 1
di-c 1
bih-c 1
dgc-c 1
fcd-c 8
dgj-c 1
3
6
bcb-d 1
cd-d 1
bjg-d 1
cbd-d 1
hcj-d 1
ii-d 4
4
3
d-e 1
cba-e 1
hic-e 14
5
7
e-f 1
bc-f 1
ff-f 1
bda-f 1
jcc-f 1
jbb-f 1
bdjf-f 3
6
6
bfg-g 1
ehc-g 1
iee-g 1
eie-g 1
gic-g 1
bedj-g 1
7
1
bfa-h 1
8
3
geg-i 8
gie-i 2
bahi-i 1
9
4
fbj-j 1
bi-j 1
ce-j 1
heg-j 1
10
2
bdi-ba 1
dhf-ba 1
11
8
bae-bb 1
gc-bb 1
bcb-bb 1
bee-bb 5
cd-bb 1
bcea-bb 1
bcef-bb 3
bgf-bb 2
12
6
ddf-bc 1
ccj-bc 1
dgf-bc 3
baid-bc 1
hbf-bc 2
daa-bc 1
13
3
cch-bd 2
cjb-bd 1
bejh-bd 2
14
4
fec-be 1
bbbj-be 2
babg-be 1
beai-be 8
15
2
hi-bf 2
dh-bf 1
16
7
baae-bg 1
bi-bg 1
jf-bg 1
iag-bg 1
fib-bg 1
gge-bg 1
bdii-bg 2
17
3
ihi-bh 1
hjd-bh 1
bgeh-bh 1
18
5
fic-bi 1
bc-bi 1
feh-bi 1
hej-bi 1
babg-bi 17
19
8
bdbf-bj 1
bc-bj 1
ch-bj 1
dg-bj 1
db-bj 1
dhf-bj 1
cii-bj 1
hcj-bj 1
20
4
cd-ca 1
bai-ca 1
dfg-ca 1
gjh-ca 4
21
3
dcc-cb 1
did-cb 1
edb-cb 1
22
4
ff-cc 1
dgf-cc 1
jgi-cc 1
badc-cc 1
23
6
bhd-cd 1
fae-cd 1
dbg-cd 7
gfa-cd 1
ffb-cd 5
bcaj-cd 1
24
4
bi-ce 1
ef-ce 1
jgf-ce 1
jag-ce 1
25
5
def-cf 1
eac-cf 1
cc-cf 1
fhg-cf 1
bbci-cf 1
26
7
ca-cg 1
eh-cg 1
chb-cg 1
deg-cg 1
deb-cg 1
bd-cg 2
hhc-cg 1
27
6
cd-ch 1
bjd-ch 1
dji-ch 1
ddb-ch 1
hch-ch 1
jgg-ch 2
28
5
hfh-ci 1
hif-ci 1
gbg-ci 2
befi-ci 1
bffg-ci 9
29
3
egd-cj 1
fbi-cj 1
bfgd-cj 3
30
8
bcei-da 1
ea-da 1
bhd-da 2
eej-da 1
bdf-da 1
gda-da 1
fai-da 2
beib-da 2
31
7
bc-db 1
cd-db 1
gi-db 1
bgj-db 1
cbh-db 1
cfj-db 1
bbde-db 4
32
6
iej-dc 1
ecg-dc 1
iag-dc 1
jbf-dc 1
ifh-dc 2
bbgj-dc 2
33
3
fc-dd 1
dfg-dd 1
babg-dd 1
34
4
di-de 1
bhe-de 1
ghj-de 1
eih-de 1
35
5
gc-df 1
igi-df 3
iei-df 1
ibf-df 1
bfgb-df 11
36
8
bgfe-dg 1
cee-dg 1
bed-dg 1
hah-dg 6
bcii-dg 6
bdfc-dg 1
bcag-dg 2
bebe-dg 4
37
5
bagf-dh 1
dc-dh 1
db-dh 1
hha-dh 7
gcd-dh 1
38
1
haf-di 52
39
3
cbh-dj 1
ef-dj 1
gdb-dj 1
40
6
jjh-ea 1
eee-ea 1
dbb-ea 1
cgg-ea 1
jff-ea 1
fda-ea 1
41
3
hac-eb 1
cdi-eb 6
bbfc-eb 8
42
5
fi-ec 1
fc-ec 1
ege-ec 1
ci-ec 1
cdc-ec 4
43
5
eb-ed 1
ech-ed 1
edf-ed 1
bcia-ed 3
bfdc-ed 1
44
3
ejg-ee 1
cfb-ee 1
bacc-ee 1
45
7
bgd-ef 1
bgb-ef 1
cij-ef 1
egh-ef 1
ige-ef 3
cih-ef 3
beeh-ef 1
46
5
bcd-eg 1
bdj-eg 1
cbg-eg 1
ffd-eg 1
ggg-eg 9
47
5
bbei-eh 1
bjb-eh 1
fdd-eh 1
bbfg-eh 5
gdh-eh 5
48
6
bb-ei 1
cbh-ei 1
dff-ei 1
bbje-ei 1
jfj-ei 4
bcjf-ei 1
49
3
baig-ej 1
cd-ej 1
jia-ej 1
50
6
bcb-fa 1
hg-fa 1
bc-fa 1
bhg-fa 1
jji-fa 1
dhe-fa 5
51
3
bdc-fb 2
dfa-fb 1
bcch-fb 1
52
5
bfch-fc 1
jb-fc 1
bcj-fc 1
eab-fc 1
fif-fc 4
53
4
je-fd 1
dd-fd 1
daf-fd 1
dhe-fd 1
54
1
jic-fe 1
55
7
gb-ff 1
ic-ff 1
bdf-ff 1
dbd-ff 1
bed-ff 1
cje-ff 1
bdcg-ff 1
56
1
bfaf-fg 1
57
7
bejb-fh 1
d-fh 1
bdb-fh 1
ccb-fh 1
jh-fh 1
jie-fh 1
jjd-fh 1
58
3
fg-fi 1
hee-fi 1
bfdg-fi 5
59
7
ff-fj 1
bea-fj 1
dbg-fj 2
ddg-fj 1
hfh-fj 1
ifd-fj 1
bcha-fj 1
60
6
cg-ga 1
cih-ga 1
dac-ga 1
eah-ga 1
bi-ga 3
fga-ga 8
61
2
bbeb-gb 1
bbjc-gb 4
62
6
bdfa-gc 1
gge-gc 1
eie-gc 1
e-gc 1
j-gc 1
bga-gc 1
63
8
dbf-gd 1
cfj-gd 1
dai-gd 1
icd-gd 1
je-gd 1
daj-gd 1
gfb-gd 1
bfgc-gd 3
64
2
g-ge 1
dfi-ge 1
65
1
cgh-gf 1
66
5
bfjf-gg 1
jhg-gg 1
jdj-gg 1
cdh-gg 15
idf-gg 1
67
3
bddh-gh 1
bh-gh 1
jci-gh 1
68
3
ch-gi 1
bcff-gi 1
cbe-gi 1
69
3
edh-gj 1
gjj-gj 1
baad-gj 1
70
3
bda-ha 1
db-ha 2
ecc-ha 1
71
2
efh-hb 1
iaa-hb 2
72
4
gg-hc 1
cif-hc 1
dbf-hc 2
ejc-hc 5
74
7
bcjc-he 1
bcd-he 1
bgi-he 2
gij-he 1
gig-he 1
bebb-he 1
hc-he 1
75
4
hie-hf 1
bdbc-hf 1
da-hf 1
dah-hf 1
76
4
cgj-hg 1
dfj-hg 1
bja-hg 4
gbd-hg 1
77
7
bdh-hh 1
caa-hh 1
cae-hh 1
bjb-hh 2
jae-hh 1
gcj-hh 3
beic-hh 1
78
5
iba-hi 1
fa-hi 1
bac-hi 1
ihf-hi 2
baec-hi 18
79
3
di-hj 1
gfg-hj 2
jfc-hj 17
80
4
bfeh-ia 1
di-ia 1
ccc-ia 1
bdjd-ia 1
81
4
gia-ib 1
ghd-ib 2
dea-ib 1
dad-ib 1
82
3
cgi-ic 1
fdf-ic 1
bedh-ic 3
83
4
eab-id 1
ej-id 1
ebd-id 1
gbg-id 1
84
5
eeh-ie 1
bjd-ie 1
dej-ie 1
haj-ie 1
fbb-ie 1
85
3
bfce-if 1
di-if 1
bcge-if 5
86
2
egf-ig 1
baif-ig 1
87
3
bba-ih 1
cgh-ih 2
bcfj-ih 1
88
6
bgfi-ii 1
chf-ii 9
eig-ii 1
bacd-ii 1
dgc-ii 1
bacj-ii 3
89
4
dbi-ij 1
fbc-ij 1
bcd-ij 1
ife-ij 1
90
3
bei-ja 1
fef-ja 1
hij-ja 4
91
4
jc-jb 1
bhe-jb 1
bc-jb 1
ehi-jb 1
92
6
hj-jc 1
gbe-jc 1
gii-jc 1
fci-jc 1
babi-jc 32
bbjg-jc 26
93
2
cae-jd 1
fhj-jd 1
94
6
bbi-je 1
bi-je 3
fcf-je 1
bfc-je 5
gdf-je 4
bfgb-je 2
95
3
dfc-jf 1
iae-jf 1
gbd-jf 1
96
3
ec-jg 1
beb-jg 1
daf-jg 25
97
6
bbfg-jh 1
ei-jh 1
ecj-jh 1
bcbf-jh 1
dai-jh 2
hib-jh 4
98
5
bdjh-ji 1
gbe-ji 1
idd-ji 1
bccj-ji 2
beaa-ji 1
99
3
dej-jj 1
bcee-jj 2
fgf-jj 2
100
5
bfg-baa 1
dfi-baa 1
fhg-baa 1
efg-baa 6
dig-baa 6
101
4
chf-bab 2
ede-bab 1
jhg-bab 1
eic-bab 1
102
5
hj-bac 1
da-bac 1
hfi-bac 1
gja-bac 3
bfe-bac 5
103
3
bfi-bad 1
bha-bad 1
jid-bad 1
104
4
cd-bae 1
bdga-bae 5
dgj-bae 1
ceg-bae 1
105
5
cgb-baf 1
cbg-baf 1
bcb-baf 1
cj-baf 1
bdbh-baf 4
106
7
bcc-bag 1
dad-bag 1
ede-bag 1
fic-bag 1
bbfi-bag 1
baab-bag 1
bfce-bag 1
107
6
deg-bah 3
ddf-bah 1
hbf-bah 3
bbcc-bah 1
ifd-bah 3
gjh-bah 12
108
2
bda-bai 2
cfj-bai 3
109
6
db-baj 1
bda-baj 1
ddb-baj 1
chf-baj 1
eg-baj 1
cjg-baj 1
110
5
hi-bba 1
je-bba 1
dic-bba 1
gdc-bba 2
fbe-bba 2
111
4
bdh-bbb 1
edb-bbb 1
fdh-bbb 2
d-bbb 1
112
5
dbb-bbc 1
jje-bbc 2
gbg-bbc 1
chf-bbc 19
dgb-bbc 1
113
2
bja-bbd 1
gca-bbd 1
114
3
cb-bbe 1
cie-bbe 1
ehd-bbe 1
115
5
bei-bbf 1
fj-bbf 1
bej-bbf 1
dfc-bbf 1
bage-bbf 7
116
6
gdc-bbg 1
eg-bbg 1
cbd-bbg 1
bbbj-bbg 2
eba-bbg 2
iff-bbg 6
117
3
bacc-bbh 1
ehi-bbh 2
gjh-bbh 2
118
9
bca-bbi 1
cea-bbi 1
beb-bbi 1
ib-bbi 1
gfd-bbi 2
cbb-bbi 1
ige-bbi 1
bech-bbi 1
beeh-bbi 28
119
7
fag-bbj 1
bbf-bbj 1
gjh-bbj 1
eh-bbj 2
baja-bbj 1
bbag-bbj 2
ige-bbj 1
120
6
gaf-bca 1
cc-bca 1
bae-bca 1
eae-bca 1
gae-bca 1
cji-bca 1
121
4
bbgc-bcb 1
bbdg-bcb 3
fba-bcb 8
bdea-bcb 1
122
7
bbab-bcc 1
bjd-bcc 1
jg-bcc 1
gfi-bcc 1
hgb-bcc 1
bebg-bcc 1
bbff-bcc 23
123
5
gc-bcd 1
ddj-bcd 1
jec-bcd 1
eed-bcd 3
iie-bcd 1
124
8
bb-bce 1
ccc-bce 1
fed-bce 1
gef-bce 3
edi-bce 2
bi-bce 2
bagd-bce 2
gc-bce 2
125
4
deg-bcf 1
cea-bcf 1
ddj-bcf 1
gih-bcf 1
126
7
di-bcg 1
dbg-bcg 1
cah-bcg 1
bhj-bcg 1
g-bcg 1
hcj-bcg 1
dgg-bcg 1
127
6
bfc-bch 1
dfd-bch 1
ecb-bch 2
gad-bch 3
fbh-bch 3
bgbf-bch 1
128
7
bbhe-bci 1
bbc-bci 1
fi-bci 1
fag-bci 1
bagb-bci 4
bcbc-bci 3
bbf-bci 1
129
7
bbf-bcj 1
bah-bcj 1
cjh-bcj 1
eac-bcj 1
iff-bcj 7
cjg-bcj 1
icj-bcj 1
130
6
ffa-bda 1
ia-bda 1
fbe-bda 1
dhg-bda 2
eh-bda 2
dfj-bda 3
131
8
deh-bdb 1
bfc-bdb 1
djh-bdb 1
bhb-bdb 1
cda-bdb 1
fib-bdb 1
jbg-bdb 1
efd-bdb 5
132
9
bfea-bdc 1
bec-bdc 1
fee-bdc 7
bbfe-bdc 1
bbjh-bdc 2
bbah-bdc 1
fdc-bdc 2
jbg-bdc 2
cfc-bdc 1
133
5
bcgc-bdd 1
bja-bdd 1
efa-bdd 1
bjf-bdd 1
bece-bdd 2
134
6
bdh-bde 1
hhi-bde 1
iah-bde 1
bba-bde 1
gge-bde 1
beec-bde 1
135
6
hc-bdf 1
bhe-bdf 1
gbf-bdf 2
gea-bdf 4
hcg-bdf 10
bbab-bdf 4
136
8
bahh-bdg 1
bcc-bdg 1
ch-bdg 1
dhi-bdg 1
jdg-bdg 2
djj-bdg 1
cha-bdg 2
bbij-bdg 6
137
4
edg-bdh 1
feh-bdh 2
ce-bdh 1
jjg-bdh 3
138
6
ich-bdi 1
gci-bdi 4
iic-bdi 14
bcfj-bdi 1
bffi-bdi 1
jbe-bdi 1
139
7
igg-bdj 1
hhc-bdj 1
geh-bdj 1
ffb-bdj 1
igb-bdj 1
bbbh-bdj 1
jfe-bdj 7
140
4
dgb-bea 1
dgc-bea 3
cdh-bea 1
fif-bea 1
141
8
hia-beb 1
cbg-beb 1
cbe-beb 1
fe-beb 1
dci-beb 1
edh-beb 1
ffd-beb 1
djg-beb 1
142
8
bdei-bec 1
hj-bec 3
eei-bec 1
bdh-bec 1
ii-bec 2
ica-bec 1
hff-bec 1
hea-bec 5
143
6
cd-bed 1
bhc-bed 1
cfa-bed 1
ica-bed 1
feh-bed 1
begd-bed 1
144
5
gjd-bee 1
bgbe-bee 1
cfa-bee 1
dfg-bee 1
bbej-bee 1
145
4
bjd-bef 1
dai-bef 2
jei-bef 1
fgj-bef 2
146
5
bja-beg 1
ea-beg 1
bef-beg 1
fei-beg 1
hgd-beg 1
147
9
hi-beh 2
ef-beh 1
bab-beh 1
cia-beh 1
ih-beh 1
ccg-beh 1
ieh-beh 9
gdd-beh 1
jbj-beh 1
148
5
fge-bei 5
jbi-bei 1
bcgi-bei 4
becg-bei 1
jca-bei 10
149
5
cdi-bej 1
bdb-bej 1
dbi-bej 1
bec-bej 2
fif-bej 4
150
5
ddd-bfa 1
cjd-bfa 2
egg-bfa 1
cdf-bfa 1
ifi-bfa 1
151
2
fda-bfb 1
bdji-bfb 4
152
9
dhb-bfc 1
cdb-bfc 1
fbb-bfc 1
cei-bfc 1
fcb-bfc 1
ifh-bfc 1
gbi-bfc 2
dcb-bfc 14
bafi-bfc 2
153
4
bif-bfd 1
cie-bfd 1
haa-bfd 1
jgi-bfd 1
154
5
cgh-bfe 2
hff-bfe 1
baea-bfe 4
dch-bfe 4
gbc-bfe 2
155
4
fdh-bff 1
gfe-bff 2
eec-bff 2
bcie-bff 1
156
8
bef-bfg 1
hj-bfg 1
fh-bfg 1
dae-bfg 1
be-bfg 1
efi-bfg 1
hhe-bfg 2
bgac-bfg 9
157
4
baf-bfh 1
bae-bfh 1
eaa-bfh 1
gcj-bfh 1
158
7
bgci-bfi 1
ich-bfi 1
gaa-bfi 1
bacf-bfi 1
idg-bfi 2
jhe-bfi 1
ecj-bfi 1
159
5
bii-bfj 1
ded-bfj 1
gce-bfj 1
gif-bfj 1
jjj-bfj 2
160
3
hbd-bga 1
dij-bga 1
efe-bga 2
161
6
cgc-bgb 1
dff-bgb 1
hea-bgb 11
bahe-bgb 1
bcga-bgb 1
bedd-bgb 1
162
7
fd-bgc 1
cdb-bgc 1
ehc-bgc 1
cff-bgc 1
ffi-bgc 1
cgd-bgc 1
bdeh-bgc 2
163
5
bgdh-bgd 1
f-bgd 1
gd-bgd 1
edg-bgd 3
dbj-bgd 1
164
3
d-bge 1
hci-bge 2
jif-bge 2
165
4
bie-bgf 1
bd-bgf 1
baih-bgf 1
iaa-bgf 4
166
6
bcaa-bgg 1
ehg-bgg 1
id-bgg 1
babe-bgg 1
heh-bgg 5
bdde-bgg 1
167
5
bfgh-bgh 1
dbg-bgh 2
cej-bgh 1
cgg-bgh 1
be-bgh 1
168
8
cej-bgi 1
baa-bgi 1
eij-bgi 1
bhh-bgi 2
bc-bgi 1
cbi-bgi 4
dda-bgi 1
daj-bgi 7
169
5
bffe-bgj 1
djh-bgj 1
hbh-bgj 1
jai-bgj 1
hch-bgj 1
170
8
fh-bha 1
ccd-bha 1
ddd-bha 1
edd-bha 1
bff-bha 1
bde-bha 1
bi-bha 1
gi-bha 8
171
6
jh-bhb 1
cda-bhb 1
ih-bhb 1
hhd-bhb 5
fcb-bhb 1
bfbi-bhb 1
172
6
bfe-bhc 1
edf-bhc 1
eje-bhc 1
gfg-bhc 1
bbfd-bhc 10
bagf-bhc 3
173
4
bcb-bhd 1
hj-bhd 1
gii-bhd 1
eed-bhd 2
174
5
bgj-bhe 1
chd-bhe 1
ebi-bhe 1
cfe-bhe 2
daa-bhe 20
175
6
dgi-bhf 1
ech-bhf 1
cgi-bhf 1
ca-bhf 1
jga-bhf 1
bci-bhf 2
176
7
cbg-bhg 1
bci-bhg 1
cfi-bhg 1
baf-bhg 1
cdi-bhg 9
iga-bhg 1
babb-bhg 1
177
4
cbc-bhh 1
cch-bhh 1
efe-bhh 2
bai-bhh 1
178
5
eaj-bhi 1
cdb-bhi 1
ibh-bhi 3
gbb-bhi 1
bacb-bhi 1
179
7
hg-bhj 1
fha-bhj 1
ghd-bhj 1
cb-bhj 1
dbf-bhj 1
bafb-bhj 8
hbc-bhj 1
180
4
hi-bia 1
cch-bia 2
dac-bia 1
bjg-bia 1
181
3
hjj-bib 1
fhc-bib 1
eae-bib 36
182
4
dc-bic 1
baa-bic 1
hdc-bic 1
eee-bic 1
183
4
dec-bid 1
beh-bid 1
bef-bid 1
bajd-bid 1
184
11
bde-bie 1
bbc-bie 1
bae-bie 1
bef-bie 1
dbe-bie 1
bcc-bie 1
cdc-bie 1
cfe-bie 1
hdd-bie 2
eig-bie 1
bcai-bie 1
185
5
bgcg-bif 1
cji-bif 1
je-bif 1
bahf-bif 1
babf-bif 13
186
2
deg-big 1
bdde-big 1
187
4
ccj-bih 1
dcf-bih 3
hef-bih 1
bcff-bih 12
188
5
dfa-bii 1
bga-bii 1
ejd-bii 1
caj-bii 1
bcej-bii 2
189
6
ba-bij 1
bcj-bij 1
eab-bij 1
cha-bij 2
gfi-bij 1
cia-bij 2
190
3
dig-bja 1
ded-bja 4
dca-bja 44
191
4
db-bjb 1
bbee-bjb 3
bcdb-bjb 2
fed-bjb 1
192
5
ibe-bjc 1
bagc-bjc 1
eia-bjc 1
baad-bjc 3
ggh-bjc 1
193
5
di-bjd 1
gd-bjd 1
bij-bjd 1
hdg-bjd 22
ghb-bjd 6
194
4
dgf-bje 1
eja-bje 1
ecd-bje 13
cga-bje 2
195
6
bccc-bjf 1
hie-bjf 1
hii-bjf 2
ecg-bjf 7
baff-bjf 61
hic-bjf 10
196
3
cec-bjg 1
dih-bjg 1
df-bjg 1
197
6
bcb-bjh 1
eah-bjh 1
cd-bjh 2
gfd-bjh 1
jeb-bjh 1
djg-bjh 1
198
4
dbg-bji 1
cgh-bji 1
fdj-bji 1
beeb-bji 8
199
4
jhe-bjj 4
edg-bjj 1
gci-bjj 8
baad-bjj 44
200
6
dhc-caa 1
jgd-caa 1
ecb-caa 1
bafd-caa 1
hfg-caa 1
djj-caa 1
201
6
cjd-cab 1
bdg-cab 4
daf-cab 1
bef-cab 1
jca-cab 1
jbg-cab 1
202
5
cgd-cac 1
djc-cac 1
bbdh-cac 1
dbf-cac 5
fid-cac 5
203
3
edd-cad 1
ege-cad 1
icg-cad 1
204
8
cci-cae 1
bea-cae 1
gdi-cae 1
chb-cae 1
bcb-cae 4
jcd-cae 1
bccg-cae 3
hhb-cae 3
205
3
gag-caf 1
bafb-caf 17
ghc-caf 1
206
4
bbg-cag 1
cie-cag 4
fbi-cag 1
ebb-cag 1
207
6
cce-cah 1
fde-cah 1
fac-cah 1
ih-cah 1
bahc-cah 1
bebe-cah 3
208
2
jda-cai 1
gdb-cai 1
209
4
jh-caj 1
eba-caj 1
eji-caj 1
ghh-caj 1
210
4
bbjf-cba 1
bfi-cba 1
bccb-cba 2
bgdd-cba 17
211
5
ca-cbb 1
be-cbb 1
da-cbb 1
cge-cbb 2
ihc-cbb 1
212
2
efg-cbc 1
bcdg-cbc 19
213
8
ehe-cbd 1
bif-cbd 1
chb-cbd 1
eag-cbd 2
bcdc-cbd 3
cec-cbd 1
jej-cbd 1
jfc-cbd 36
214
1
bbcc-cbe 14
215
3
ceb-cbf 1
cdj-cbf 1
bff-cbf 1
216
4
bdg-cbg 1
hjj-cbg 1
bbfi-cbg 10
becj-cbg 13
217
5
bhi-cbh 1
ej-cbh 1
bfg-cbh 1
caj-cbh 1
jhi-cbh 1
218
3
bdi-cbi 1
ede-cbi 17
ebh-cbi 1
219
5
db-cbj 1
dcf-cbj 1
hi-cbj 1
jec-cbj 1
gjj-cbj 3
220
6
eea-cca 1
cbe-cca 1
bbi-cca 1
ihg-cca 1
ehi-cca 1
bbdb-cca 1
221
6
bjj-ccb 1
eig-ccb 1
ejj-ccb 1
d-ccb 1
ddd-ccb 1
jeh-ccb 1
222
3
eag-ccc 2
bcda-ccc 1
jfh-ccc 5
223
6
cjf-ccd 1
ecd-ccd 1
dhh-ccd 1
eae-ccd 1
feh-ccd 1
bajb-ccd 3
224
4
bdc-cce 1
daf-cce 1
hdf-cce 1
bceh-cce 2
225
7
bfdd-ccf 1
dca-ccf 5
hcc-ccf 1
ghd-ccf 1
jeg-ccf 1
ihi-ccf 38
ga-ccf 3
226
7
bih-ccg 1
fhh-ccg 1
ide-ccg 1
hde-ccg 1
ijd-ccg 1
bahi-ccg 1
hjh-ccg 1
227
4
baaf-cch 1
bhe-cch 1
ice-cch 1
egd-cch 11
228
4
bbfd-cci 1
ceb-cci 1
haf-cci 1
bgbg-cci 7
229
6
cch-ccj 1
eeb-ccj 2
gdf-ccj 2
hji-ccj 6
bch-ccj 1
j-ccj 1
230
3
dd-cda 1
jae-cda 1
ejd-cda 1
231
4
fcf-cdb 1
jaa-cdb 2
bff-cdb 1
ejg-cdb 21
232
6
ccj-cdc 1
gac-cdc 1
eb-cdc 1
fad-cdc 2
ddj-cdc 3
hjg-cdc 1
233
2
db-cdd 1
bebi-cdd 4
234
7
bjb-cde 1
fff-cde 1
bi-cde 1
bj-cde 1
gge-cde 2
hhb-cde 2
bdia-cde 1
235
5
fjc-cdf 1
bhj-cdf 1
iee-cdf 1
badh-cdf 1
dfa-cdf 1
236
6
bdf-cdg 1
eif-cdg 1
cid-cdg 1
gcf-cdg 1
dff-cdg 26
bfjd-cdg 2
237
3
gd-cdh 1
gfd-cdh 1
bbja-cdh 33
238
4
j-cdi 1
beha-cdi 1
deb-cdi 1
jbc-cdi 1
239
3
chh-cdj 1
ega-cdj 4
hgg-cdj 1
240
7
if-cea 1
be-cea 1
cfi-cea 1
cac-cea 1
gbi-cea 1
jaj-cea 9
che-cea 6
241
6
bdea-ceb 1
bch-ceb 1
cii-ceb 1
dfe-ceb 1
bfj-ceb 2
dhh-ceb 1
242
4
bdg-cec 1
bbc-cec 1
bajb-cec 2
bad-cec 1
243
3
cah-ced 1
efg-ced 1
bbgc-ced 4
244
3
eej-cee 1
jhc-cee 1
ic-cee 3
245
4
dab-cef 2
bfi-cef 2
bbec-cef 1
bha-cef 3
246
4
bfa-ceg 1
cah-ceg 2
iag-ceg 2
gdg-ceg 2
247
4
bje-ceh 1
cic-ceh 1
eeg-ceh 1
gdd-ceh 1
248
5
bfb-cei 1
dgf-cei 1
ehj-cei 1
ddf-cei 1
fhi-cei 1
249
8
bbeg-cej 1
bh-cej 1
bda-cej 1
ef-cej 1
dif-cej 2
gig-cej 1
jej-cej 1
bbee-cej 4
250
5
gei-cfa 1
eb-cfa 1
hdi-cfa 2
ice-cfa 3
bdhb-cfa 14
251
7
fhe-cfb 1
fc-cfb 1
fgg-cfb 1
g-cfb 1
cea-cfb 1
gje-cfb 1
baga-cfb 1
252
3
eca-cfc 1
gef-cfc 1
ieg-cfc 1
253
6
ccg-cfd 1
cje-cfd 2
geb-cfd 1
a-cfd 1
bchd-cfd 5
bcdh-cfd 1
254
2
jf-cfe 1
ijc-cfe 3
255
5
egj-cff 1
hjf-cff 1
bafc-cff 6
hda-cff 2
ejg-cff 10
256
4
bfdb-cfg 1
bbdg-cfg 1
ej-cfg 3
gic-cfg 2
257
7
baj-cfh 1
bee-cfh 1
gbg-cfh 1
cid-cfh 1
fjh-cfh 1
bbee-cfh 1
cie-cfh 37
258
5
eec-cfi 1
chd-cfi 1
badf-cfi 1
bcfi-cfi 1
dhi-cfi 3
259
6
bd-cfj 1
beb-cfj 1
fh-cfj 1
dib-cfj 1
efb-cfj 1
cfi-cfj 4
260
7
dh-cga 1
chf-cga 2
cah-cga 1
cgd-cga 1
bhb-cga 3
chj-cga 1
bcjf-cga 15
261
5
da-cgb 1
dch-cgb 1
dhd-cgb 1
gdf-cgb 3
deb-cgb 4
262
6
hfc-cgc 1
fji-cgc 1
hdb-cgc 1
cdb-cgc 1
ica-cgc 2
ee-cgc 1
263
6
dcj-cgd 1
dcf-cgd 6
bec-cgd 1
bafi-cgd 1
bafd-cgd 3
bajg-cgd 1
264
6
fh-cge 1
ea-cge 1
cci-cge 1
bfc-cge 2
hai-cge 1
bba-cge 1
265
5
bgbh-cgf 1
dej-cgf 1
fcc-cgf 6
gie-cgf 1
ibe-cgf 1
266
5
bii-cgg 1
bdh-cgg 1
fhc-cgg 2
dib-cgg 1
bgae-cgg 1
267
5
hif-cgh 1
cag-cgh 3
babb-cgh 1
bdhc-cgh 78
hc-cgh 3
268
5
baaa-cgi 1
daf-cgi 1
djh-cgi 1
fdh-cgi 5
ia-cgi 1
269
4
eag-cgj 2
dgg-cgj 1
fei-cgj 1
ifi-cgj 2
270
6
dcb-cha 2
bhi-cha 1
dhj-cha 1
egj-cha 2
gfh-cha 1
ged-cha 3
271
3
eci-chb 1
fff-chb 2
bcbi-chb 4
272
5
fjc-chc 1
hba-chc 1
jfb-chc 1
jhd-chc 5
bbfj-chc 2
273
4
bfbg-chd 1
dfj-chd 1
ebh-chd 1
cjc-chd 1
274
4
dbj-che 1
eah-che 1
dej-che 1
befj-che 6
275
5
eca-chf 1
did-chf 1
ehb-chf 1
hfb-chf 1
fch-chf 3
276
4
fc-chg 1
hja-chg 1
iab-chg 2
edh-chg 1
277
4
ca-chh 1
ddj-chh 1
cid-chh 1
cbb-chh 1
278
6
cee-chi 1
ibj-chi 1
hga-chi 1
bbea-chi 5
bbc-chi 17
jeh-chi 1
279
6
dia-chj 1
fg-chj 1
bgh-chj 1
jg-chj 1
fjd-chj 1
hhi-chj 2
280
4
eie-cia 1
jej-cia 1
cce-cia 1
jj-cia 1
281
5
eha-cib 17
hh-cib 1
bdhh-cib 12
bcce-cib 2
bdhb-cib 3
282
5
bbi-cic 1
igc-cic 1
ifd-cic 1
jce-cic 1
dhi-cic 3
283
11
bdh-cid 1
dfa-cid 1
ehb-cid 1
fcf-cid 2
ebi-cid 1
fic-cid 1
dfd-cid 1
bii-cid 1
hgg-cid 1
cjb-cid 9
cab-cid 2
284
3
jfi-cie 1
bih-cie 1
gg-cie 35
285
8
dcb-cif 1
dgb-cif 1
dae-cif 1
gfe-cif 1
idd-cif 1
baed-cif 1
bbai-cif 1
bcja-cif 33
286
6
eef-cig 1
dge-cig 1
hbj-cig 2
hdd-cig 1
hai-cig 1
bbac-cig 1
287
2
cda-cih 1
icg-cih 17
288
6
cah-cii 1
dad-cii 1
gbi-cii 1
gc-cii 1
ggd-cii 2
baha-cii 5
289
4
bgi-cij 1
cch-cij 1
dgf-cij 2
ch-cij 1
290
6
ead-cja 1
ehg-cja 2
dge-cja 1
hcj-cja 3
ija-cja 1
bcaa-cja 3
291
4
beba-cjb 1
eei-cjb 1
jbi-cjb 1
bagh-cjb 1
292
4
bfgi-cjc 1
db-cjc 1
bada-cjc 7
bcih-cjc 3
293
2
eje-cjd 1
bdaa-cjd 5
294
3
bbi-cje 1
cea-cje 2
fje-cje 1
295
3
egf-cjf 1
cgb-cjf 1
dba-cjf 1
296
1
cgb-cjg 1
297
5
dci-cjh 1
da-cjh 1
hhf-cjh 1
jfd-cjh 1
he-cjh 1
298
6
bdce-cji 1
bee-cji 1
id-cji 1
hbd-cji 1
dbj-cji 1
bdcg-cji 1
299
6
jah-cjj 1
cc-cjj 1
bgh-cjj 1
fci-cjj 1
bcie-cjj 1
bfeb-cjj 7
300
6
bbhc-daa 1
jjb-daa 1
fh-daa 1
ih-daa 1
edd-daa 1
bfde-daa 14
301
6
bef-dab 1
ede-dab 1
hi-dab 15
icf-dab 1
cjh-dab 1
bace-dab 1
302
5
de-dac 1
bgi-dac 1
fgc-dac 1
dce-dac 2
iid-dac 2
303
4
gfd-dad 1
dab-dad 2
gfe-dad 4
gcb-dad 2
304
4
bcib-dae 1
ebf-dae 1
baaa-dae 1
fce-dae 3
305
7
badi-daf 1
bdcb-daf 1
cha-daf 1
bdag-daf 1
bddb-daf 1
fbb-daf 6
jae-daf 2
306
3
eb-dag 1
jg-dag 1
hcd-dag 1
307
4
cgi-dah 1
ihj-dah 1
ggg-dah 2
ehc-dah 2
308
6
dhc-dai 1
chh-dai 1
ebd-dai 1
bafa-dai 2
ejb-dai 1
bchi-dai 3
309
6
dce-daj 1
ebb-daj 1
fae-daj 1
fhj-daj 3
dhe-daj 1
geh-daj 8
310
3
hhj-dba 1
bff-dba 1
gdh-dba 1
311
4
dfc-dbb 1
eaa-dbb 49
dgi-dbb 1
cjb-dbb 2
312
2
dah-dbc 2
hca-dbc 4
313
5
gcb-dbd 1
bfg-dbd 1
bbg-dbd 1
ceg-dbd 1
bdjf-dbd 3
314
3
dfh-dbe 1
dac-dbe 1
bcaf-dbe 6
315
7
gib-dbf 1
gdc-dbf 1
ei-dbf 1
dac-dbf 1
eid-dbf 1
bbcb-dbf 1
baad-dbf 3
316
3
iag-dbg 1
dab-dbg 4
ffg-dbg 1
317
5
cid-dbh 1
cdb-dbh 1
caa-dbh 1
gfj-dbh 1
fha-dbh 5
318
5
ch-dbi 1
eia-dbi 1
fah-dbi 1
edd-dbi 3
bcaa-dbi 2
319
6
cgb-dbj 1
cg-dbj 1
dad-dbj 2
gjf-dbj 2
dhd-dbj 2
bb-dbj 1
320
5
bdii-dca 1
a-dca 1
badg-dca 1
jbi-dca 34
bda-dca 8
321
6
fi-dcb 1
efg-dcb 1
gbj-dcb 2
eda-dcb 7
gad-dcb 7
jia-dcb 1
322
9
eie-dcc 1
chf-dcc 4
cdd-dcc 1
di-dcc 5
ddf-dcc 1
jah-dcc 8
heg-dcc 2
fbb-dcc 1
gdi-dcc 1
323
4
gda-dcd 1
gjc-dcd 1
cg-dcd 1
cfg-dcd 1
324
4
ebg-dce 1
bcg-dce 1
cce-dce 1
jef-dce 43
325
5
bhe-dcf 1
fce-dcf 1
fea-dcf 2
cgb-dcf 2
bbja-dcf 8
326
3
cd-dcg 1
dca-dcg 3
jjj-dcg 1
327
5
cjc-dch 1
eca-dch 1
dh-dch 1
bdgc-dch 2
jai-dch 22
328
5
ehi-dci 2
cge-dci 1
ddg-dci 2
bcef-dci 4
dae-dci 2
329
5
bde-dcj 1
dhd-dcj 1
dbj-dcj 1
jcg-dcj 8
begb-dcj 2
330
4
dai-dda 1
cea-dda 1
bjj-dda 2
fjj-dda 1
331
6
bbdj-ddb 1
cjb-ddb 1
ddd-ddb 1
eig-ddb 1
bcea-ddb 1
bdge-ddb 1
332
5
bfjb-ddc 1
beg-ddc 1
ia-ddc 1
bja-ddc 2
dac-ddc 1
333
4
bci-ddd 1
gfa-ddd 1
hed-ddd 1
beef-ddd 5
334
9
fbe-dde 1
ifj-dde 1
d-dde 1
ehd-dde 1
ejf-dde 1
gaa-dde 1
bbj-dde 1
ghh-dde 5
dbe-dde 1
335
7
chf-ddf 1
jh-ddf 1
bei-ddf 1
id-ddf 2
eij-ddf 4
eb-ddf 3
fcf-ddf 7
336
3
cdi-ddg 1
eid-ddg 5
cgc-ddg 1
337
4
baa-ddh 1
ech-ddh 2
ef-ddh 2
edi-ddh 1
338
6
cfa-ddi 1
ehd-ddi 1
fib-ddi 1
bjc-ddi 1
ef-ddi 1
jja-ddi 1
339
6
haa-ddj 1
ehi-ddj 1
ecg-ddj 8
ccd-ddj 1
ihj-ddj 1
dia-ddj 1
340
6
dia-dea 1
bgi-dea 2
ejd-dea 9
edh-dea 3
ief-dea 5
ebe-dea 1
341
6
hgj-deb 1
cbi-deb 1
hjc-deb 1
hha-deb 1
fei-deb 2
hfg-deb 2
342
5
ba-dec 1
fdc-dec 2
bg-dec 1
bcgh-dec 2
bfg-dec 7
343
5
ihf-ded 8
gij-ded 6
bdbb-ded 1
ddc-ded 1
jab-ded 1
344
5
cia-dee 1
fhb-dee 1
dhc-dee 1
dej-dee 1
fji-dee 1
345
3
ceb-def 1
jfi-def 10
bajh-def 2
346
6
fhd-deg 1
cdh-deg 1
cfb-deg 1
eec-deg 2
hia-deg 2
bceg-deg 1
347
4
dj-deh 1
gcf-deh 1
ifa-deh 1
iji-deh 1
348
2
gjc-dei 1
fif-dei 1
349
4
fda-dej 1
bcah-dej 1
dif-dej 2
babg-dej 2
350
5
fie-dfa 2
hab-dfa 2
bfb-dfa 1
eai-dfa 1
ege-dfa 2
351
3
bde-dfb 1
ehb-dfb 1
e-dfb 10
352
7
fgg-dfc 1
ddc-dfc 1
cjc-dfc 1
eb-dfc 1
ghb-dfc 1
ca-dfc 1
fgj-dfc 2
353
6
idj-dfd 1
bga-dfd 1
da-dfd 1
gcb-dfd 1
bbae-dfd 1
bfcc-dfd 2
354
4
baac-dfe 1
ii-dfe 3
badc-dfe 1
ejd-dfe 2
355
5
heg-dff 1
jha-dff 1
ife-dff 1
hii-dff 23
gie-dff 8
356
3
cdj-dfg 1
dhf-dfg 1
eib-dfg 44
357
5
fee-dfh 1
beci-dfh 1
hg-dfh 1
fhb-dfh 6
bbcb-dfh 4
358
3
egd-dfi 1
hgh-dfi 61
baac-dfi 1
359
3
eb-dfj 1
ejd-dfj 1
bbah-dfj 5
360
5
g-dga 1
dgi-dga 1
fff-dga 5
cb-dga 1
bcdg-dga 15
361
2
cad-dgb 1
bcae-dgb 5
362
6
bdbb-dgc 1
bc-dgc 1
c-dgc 1
jic-dgc 3
fib-dgc 3
jja-dgc 1
363
9
cbc-dgd 1
ebc-dgd 1
bfa-dgd 1
feh-dgd 1
ifg-dgd 1
badi-dgd 2
bajj-dgd 2
bbjf-dgd 3
ifb-dgd 1
364
6
ifc-dge 1
dc-dge 1
hcj-dge 1
bccf-dge 4
ef-dge 1
beaa-dge 2
365
4
bffd-dgf 1
dhf-dgf 1
jfj-dgf 1
bbba-dgf 6
366
3
dce-dgg 1
bg-dgg 1
bced-dgg 1
367
2
dff-dgh 1
idi-dgh 5
368
5
cgg-dgi 1
deb-dgi 3
bbf-dgi 1
ibf-dgi 2
ceb-dgi 1
369
4
gg-dgj 5
bea-dgj 3
bcab-dgj 2
ghb-dgj 1
370
4
dji-dha 1
dij-dha 1
ecg-dha 1
jhi-dha 1
371
3
ebh-dhb 3
d-dhb 1
bajb-dhb 3
372
7
bbed-dhc 1
jii-dhc 1
bdab-dhc 1
bbce-dhc 1
dfg-dhc 1
ccd-dhc 1
dbg-dhc 46
373
6
baeg-dhd 1
dgh-dhd 1
cdi-dhd 2
fhc-dhd 1
hfh-dhd 1
ije-dhd 5
374
6
dca-dhe 2
ieg-dhe 1
bbhi-dhe 7
ehb-dhe 1
bbii-dhe 5
bbhb-dhe 3
375
5
baga-dhf 1
cjd-dhf 2
bcf-dhf 1
ebj-dhf 4
ich-dhf 1
376
4
begf-dhg 1
bfe-dhg 5
ida-dhg 1
beab-dhg 2
377
5
dgf-dhh 2
bbb-dhh 1
bbh-dhh 1
bdac-dhh 3
gbg-dhh 1
378
6
ihg-dhi 1
ebh-dhi 1
fhf-dhi 2
fjf-dhi 1
bbbb-dhi 1
bcab-dhi 1
379
7
begh-dhj 1
ddj-dhj 1
icc-dhj 1
fce-dhj 1
idc-dhj 1
idf-dhj 6
ecj-dhj 1
380
4
bdc-dia 1
jcc-dia 1
hge-dia 1
ecg-dia 55
381
4
cfd-dib 1
bgg-dib 1
dhj-dib 3
ffd-dib 1
382
8
hc-dic 1
dih-dic 1
fh-dic 1
ebi-dic 1
hhd-dic 1
jff-dic 1
edj-dic 4
bbgj-dic 1
383
6
bab-did 1
ccj-did 1
dhg-did 1
hid-did 1
bgj-did 1
eii-did 1
384
6
fac-die 1
dci-die 1
fig-die 1
fea-die 1
jeb-die 1
baag-die 17
385
1
bbdh-dif 1
386
3
edj-dig 3
fcd-dig 10
hih-dig 2
387
2
fdg-dih 1
bbjg-dih 2
388
2
bage-dii 7
bdeg-dii 3
389
5
hhe-dij 1
bacf-dij 1
cga-dij 1
eai-dij 1
ici-dij 58
390
2
bhe-dja 1
bdhi-dja 1
391
2
eee-djb 1
jjj-djb 8
392
3
dba-djc 2
ddi-djc 2
jaj-djc 8
393
6
cie-djd 1
ceb-djd 1
jdd-djd 1
jif-djd 1
ifd-djd 2
bejh-djd 2
394
7
he-dje 1
bbj-dje 2
dbi-dje 1
hag-dje 1
dbh-dje 1
ddc-dje 1
beaj-dje 14
395
2
di-djf 1
eha-djf 1
396
7
bceg-djg 1
baa-djg 1
cji-djg 1
bcc-djg 1
jbc-djg 1
hca-djg 2
efi-djg 2
397
9
beca-djh 1
bdh-djh 1
djb-djh 1
bif-djh 1
ebi-djh 5
gai-djh 1
gdg-djh 2
cjc-djh 19
bdef-djh 13
398
4
cha-dji 1
cic-dji 1
hhj-dji 2
bahj-dji 1
399
6
caj-djj 1
egi-djj 1
dec-djj 3
dda-djj 1
bbc-djj 5
jib-djj 6
400
7
hjj-eaa 1
bif-eaa 1
ghi-eaa 1
hbg-eaa 1
bee-eaa 55
eji-eaa 1
jbb-eaa 1
401
4
bbga-eab 1
fh-eab 1
chi-eab 2
bdha-eab 2
402
5
bcc-eac 1
big-eac 1
bagg-eac 2
cej-eac 6
jhi-eac 1
403
4
chj-ead 1
dce-ead 1
caf-ead 2
dj-ead 1
404
7
bic-eae 1
fhi-eae 1
gai-eae 1
fed-eae 1
edd-eae 1
gdc-eae 1
icb-eae 60
405
4
jc-eaf 1
ghj-eaf 1
fde-eaf 1
fgj-eaf 2
406
5
ca-eag 1
hea-eag 1
gff-eag 3
cfa-eag 1
hgb-eag 1
407
5
bbcf-eah 1
cgd-eah 1
eca-eah 7
gdj-eah 2
bcaj-eah 2
408
4
efh-eai 1
ffa-eai 1
be-eai 1
bbec-eai 19
409
4
eae-eaj 1
dfj-eaj 1
jfa-eaj 1
beec-eaj 5
410
6
bebc-eba 1
cee-eba 1
feb-eba 2
bjj-eba 1
gih-eba 1
bif-eba 34
411
7
ffd-ebb 1
iij-ebb 1
ebg-ebb 1
fac-ebb 1
fff-ebb 2
beb-ebb 2
ggb-ebb 1
412
3
ecb-ebc 1
baej-ebc 1
bjg-ebc 1
413
8
badb-ebd 1
cag-ebd 1
cbb-ebd 1
ejb-ebd 2
had-ebd 1
dgi-ebd 3
bcce-ebd 2
bdae-ebd 14
414
6
ebb-ebe 1
dgb-ebe 1
ceb-ebe 1
hfg-ebe 1
df-ebe 3
bfhc-ebe 2
415
4
fhf-ebf 1
bfd-ebf 1
bge-ebf 1
ijf-ebf 1
416
3
dcf-ebg 1
fga-ebg 1
ghg-ebg 1
417
4
daf-ebh 1
hdg-ebh 1
bahf-ebh 2
icg-ebh 45
418
3
ebd-ebi 1
ebc-ebi 1
hfe-ebi 8
419
5
jgc-ebj 1
ghd-ebj 1
ehi-ebj 5
igf-ebj 1
djj-ebj 7
420
5
eh-eca 1
jga-eca 1
dhi-eca 1
dbf-eca 2
jff-eca 1
421
2
daj-ecb 1
bchc-ecb 9
422
10
bdch-ecc 1
bdie-ecc 1
cd-ecc 1
edi-ecc 2
ejd-ecc 1
jc-ecc 1
idf-ecc 1
gce-ecc 1
babd-ecc 1
fbe-ecc 1
423
3
dha-ecd 1
fba-ecd 1
jfj-ecd 64
424
4
ecd-ece 1
eaa-ece 2
ici-ece 1
eeh-ece 1
425
6
dh-ecf 1
eed-ecf 1
dgb-ecf 1
dc-ecf 1
cib-ecf 1
beh-ecf 4
426
3
dfa-ecg 1
bcca-ecg 67
fbc-ecg 1
427
5
fcf-ech 1
dbh-ech 2
bajd-ech 1
jjc-ech 4
hcd-ech 44
428
4
dh-eci 1
cei-eci 1
hcg-eci 9
jac-eci 4
429
3
gbj-ecj 1
fbc-ecj 1
ihi-ecj 3
430
7
bdcg-eda 1
dgb-eda 1
eai-eda 1
hbd-eda 1
igj-eda 1
dhf-eda 10
bbdb-eda 5
431
7
gdd-edb 1
ff-edb 1
fb-edb 1
eci-edb 1
gec-edb 1
jj-edb 2
iia-edb 1
432
5
bhb-edc 1
dci-edc 1
ggi-edc 1
baa-edc 2
ihi-edc 1
433
6
bdh-edd 1
bai-edd 1
dfa-edd 1
ebd-edd 1
gag-edd 1
cbe-edd 12
434
4
jh-ede 1
ejb-ede 1
ffi-ede 3
jbb-ede 5
435
6
bdag-edf 1
fah-edf 1
ci-edf 1
dic-edf 1
hba-edf 5
bdfe-edf 4
436
6
bgd-edg 1
ddc-edg 1
ggd-edg 2
jgh-edg 2
cde-edg 3
ie-edg 1
437
5
dah-edh 1
cfj-edh 1
bbgb-edh 12
hcd-edh 4
beb-edh 2
438
9
ccg-edi 1
cfj-edi 1
eja-edi 2
gah-edi 1
gie-edi 2
egf-edi 2
bjd-edi 1
bda-edi 1
baib-edi 1
439
3
cfb-edj 1
egj-edj 4
egf-edj 39
440
4
djh-eea 1
gcc-eea 1
igj-eea 1
bgj-eea 1
441
4
hei-eeb 1
dec-eeb 1
hgh-eeb 2
bab-eeb 1
442
4
cbe-eec 1
bha-eec 1
hci-eec 5
dge-eec 5
443
4
gcd-eed 1
fcg-eed 1
iaa-eed 84
jhc-eed 3
444
3
fgi-eee 2
idg-eee 3
chb-eee 1
445
5
dej-eef 1
bdg-eef 7
jad-eef 1
bie-eef 1
bdcd-eef 1
446
6
dji-eeg 1
chg-eeg 1
cfe-eeg 1
dcc-eeg 1
bfc-eeg 2
badg-eeg 1
447
3
bcc-eeh 1
fbd-eeh 1
gbb-eeh 2
448
5
ejc-eei 1
fii-eei 1
bih-eei 3
haj-eei 1
beed-eei 56
449
4
chc-eej 1
bbif-eej 2
bcag-eej 2
bcih-eej 7
450
7
hch-efa 1
ii-efa 1
dhd-efa 1
egc-efa 1
cbb-efa 1
jia-efa 6
bccg-efa 3
451
3
eib-efb 1
ehc-efb 2
bbgj-efb 1
452
4
hd-efc 1
bhh-efc 1
fdg-efc 1
ehd-efc 3
453
4
fei-efd 1
bbc-efd 1
igj-efd 1
iac-efd 1
454
2
bcdb-efe 1
ija-efe 2
455
5
fff-eff 1
hgf-eff 4
jge-eff 7
bbed-eff 1
bjf-eff 51
456
5
daf-efg 1
fii-efg 1
bcad-efg 28
bbj-efg 2
iib-efg 27
457
7
dci-efh 1
fde-efh 1
ibb-efh 1
bbeg-efh 1
ded-efh 7
iic-efh 9
igc-efh 4
458
3
eec-efi 1
eed-efi 1
icc-efi 1
459
6
efe-efj 1
gde-efj 1
fhc-efj 1
fje-efj 1
bbfa-efj 2
bbca-efj 2
460
8
cgd-ega 1
icf-ega 1
bja-ega 22
bbac-ega 1
cbg-ega 1
feh-ega 2
bac-ega 4
jca-ega 5
461
6
bcdf-egb 1
efi-egb 1
fdb-egb 1
cdg-egb 1
hic-egb 5
jg-egb 1
462
2
ddc-egc 1
ccj-egc 1
463
4
bbf-egd 1
ebd-egd 1
bdhg-egd 2
cfa-egd 22
464
6
ifi-ege 1
ecb-ege 1
fdb-ege 1
bg-ege 1
dbb-ege 1
dib-ege 1
465
4
fge-egf 1
cha-egf 1
eae-egf 17
ifd-egf 21
466
5
die-egg 1
eaj-egg 3
ed-egg 1
jia-egg 2
idd-egg 5
467
3
iid-egh 1
gah-egh 1
cii-egh 1
468
4
cdi-egi 1
hef-egi 1
efa-egi 1
ghc-egi 1
469
6
ij-egj 1
dbi-egj 2
ibi-egj 1
jj-egj 2
baih-egj 4
jdg-egj 8
470
6
bjj-eha 1
eid-eha 1
bbi-eha 1
bcbi-eha 1
cgh-eha 64
fgd-eha 1
471
4
bfc-ehb 1
bj-ehb 1
fei-ehb 1
hib-ehb 22
472
2
cdh-ehc 2
iad-ehc 7
473
4
hcb-ehd 1
dfd-ehd 1
hjj-ehd 2
bffb-ehd 5
474
4
di-ehe 1
hje-ehe 2
ibh-ehe 10
bebj-ehe 2
475
5
jgj-ehf 1
caa-ehf 1
fag-ehf 1
hgh-ehf 1
cac-ehf 1
476
5
ddb-ehg 1
cgg-ehg 1
hda-ehg 4
edf-ehg 8
bdgh-ehg 4
477
5
dad-ehh 1
dcc-ehh 1
gcc-ehh 1
had-ehh 1
ecf-ehh 6
478
3
jfd-ehi 1
fef-ehi 1
bbeg-ehi 3
479
4
hbj-ehj 1
baeh-ehj 1
bcgj-ehj 3
eci-ehj 2
480
5
ddb-eia 1
efb-eia 1
bfa-eia 1
efc-eia 1
cjj-eia 1
481
4
iih-eib 1
dg-eib 1
bbbe-eib 14
bcji-eib 1
482
5
ebb-eic 1
fhi-eic 1
bdfb-eic 16
befh-eic 1
bfef-eic 10
483
6
hc-eid 1
bdg-eid 2
fbg-eid 1
ejg-eid 1
bddi-eid 1
bfhj-eid 3
484
5
gbb-eie 4
baf-eie 1
gcf-eie 1
bbaf-eie 1
ffj-eie 3
485
4
djj-eif 1
daa-eif 1
fdf-eif 2
hac-eif 1
486
4
ede-eig 1
edi-eig 1
fdf-eig 1
bfeh-eig 2
487
5
efh-eih 1
cag-eih 1
jc-eih 1
ifi-eih 1
daa-eih 1
488
4
bgb-eii 1
cfd-eii 1
fij-eii 1
bfdi-eii 8
489
5
jae-eij 1
bje-eij 1
dfg-eij 2
ief-eij 1
dcc-eij 2
490
3
iaj-eja 4
hej-eja 2
babi-eja 30
491
3
cdi-ejb 1
ibd-ejb 4
bhc-ejb 1
492
6
gji-ejc 1
ggd-ejc 1
bcbe-ejc 1
eia-ejc 1
daj-ejc 2
hgb-ejc 3
493
2
iic-ejd 1
ige-ejd 12
494
6
bfj-eje 2
gic-eje 1
ebj-eje 2
cif-eje 1
ege-eje 1
iei-eje 3
495
3
bfja-ejf 1
bgb-ejf 1
ecf-ejf 1
496
4
chd-ejg 1
eb-ejg 2
ghb-ejg 2
feg-ejg 27
497
4
bbi-ejh 1
egb-ejh 1
iaa-ejh 1
idi-ejh 1
498
5
cgh-eji 1
cdd-eji 1
dih-eji 1
hfb-eji 2
d-eji 2
499
2
chf-ejj 7
hif-ejj 1
500
5
dfb-faa 1
deg-faa 1
dhg-faa 1
ice-faa 2
bbba-faa 4
501
2
dbf-fab 1
dda-fab 1
502
5
cbh-fac 1
cbi-fac 1
hdh-fac 2
bbii-fac 8
hbc-fac 4
503
6
bdjg-fad 1
fgd-fad 1
dih-fad 1
cfh-fad 1
iej-fad 5
baei-fad 21
504
4
baba-fae 1
fej-fae 1
fje-fae 1
bdia-fae 12
505
3
ice-faf 1
bcja-faf 1
hid-faf 1
506
5
bahb-fag 1
dbf-fag 1
hcd-fag 2
jif-fag 1
ggd-fag 1
507
2
bjf-fah 1
jbj-fah 1
508
5
bcj-fai 1
eff-fai 1
gdj-fai 1
fdh-fai 4
badj-fai 1
509
6
ggb-faj 1
fgi-faj 1
ghi-faj 1
iii-faj 1
bhe-faj 3
ga-faj 1
510
4
bbdb-fba 1
cdi-fba 1
bge-fba 1
dii-fba 2
511
5
fic-fbb 1
fid-fbb 1
geh-fbb 1
jih-fbb 1
jgi-fbb 6
512
4
eeg-fbc 1
fej-fbc 1
ejh-fbc 1
baag-fbc 1
513
5
bih-fbd 2
eai-fbd 1
hej-fbd 2
ejj-fbd 1
jhc-fbd 3
514
3
bceh-fbe 1
fgi-fbe 1
bajc-fbe 1
515
1
jbh-fbf 3
516
2
edb-fbg 1
dff-fbg 1
517
6
fdh-fbh 2
fgb-fbh 1
hca-fbh 1
ib-fbh 1
bc-fbh 2
bcjg-fbh 1
518
5
ebf-fbi 1
cfg-fbi 1
eah-fbi 1
dcc-fbi 1
bjb-fbi 3
519
6
hdc-fbj 1
hb-fbj 1
fdc-fbj 1
fch-fbj 1
ieg-fbj 1
beig-fbj 2
520
5
dce-fca 1
gaj-fca 4
bcie-fca 1
bccg-fca 3
jib-fca 1
521
5
bhb-fcb 1
fij-fcb 1
h-fcb 1
bcdf-fcb 13
hbb-fcb 2
522
4
bfca-fcc 1
gbd-fcc 3
gic-fcc 3
fjh-fcc 2
523
4
cae-fcd 1
ghf-fcd 1
hib-fcd 1
cba-fcd 19
524
3
gia-fce 1
gjh-fce 1
baec-fce 16
525
7
baib-fcf 1
ejd-fcf 1
ehe-fcf 9
ebi-fcf 2
bff-fcf 1
cgf-fcf 1
cce-fcf 1
526
4
bbe-fcg 1
gcc-fcg 1
bcah-fcg 1
eig-fcg 1
527
8
bcee-fch 1
ecb-fch 3
fcf-fch 1
hfc-fch 1
eae-fch 3
cjb-fch 1
beaj-fch 1
bfgh-fch 1
528
8
fhg-fci 1
bjf-fci 1
iba-fci 3
dfd-fci 1
dei-fci 1
iei-fci 1
dfh-fci 3
bbea-fci 2
529
6
egd-fcj 1
ffb-fcj 1
ghc-fcj 1
fcg-fcj 1
hge-fcj 1
heb-fcj 1
530
6
bhj-fda 1
edf-fda 4
gca-fda 1
bhi-fda 4
cfd-fda 4
bbbd-fda 6
531
5
ccf-fdb 1
ffg-fdb 1
eha-fdb 48
bcga-fdb 1
def-fdb 6
532
6
bahi-fdc 1
dad-fdc 1
cif-fdc 2
eg-fdc 1
bbjb-fdc 1
dhh-fdc 1
533
9
eaf-fdd 1
hid-fdd 1
bfha-fdd 1
bei-fdd 1
baei-fdd 12
baif-fdd 1
edd-fdd 9
dfb-fdd 1
bfie-fdd 1
534
3
egb-fde 1
fih-fde 1
jj-fde 1
535
6
fbj-fdf 1
cgg-fdf 2
gdc-fdf 3
bade-fdf 1
fdg-fdf 3
ibe-fdf 15
536
5
bhi-fdg 1
gje-fdg 1
gbh-fdg 1
bach-fdg 5
bdhg-fdg 2
537
7
bcjh-fdh 1
deb-fdh 1
gf-fdh 1
cdc-fdh 1
cjd-fdh 1
ffa-fdh 2
hjd-fdh 1
538
2
bh-fdi 1
jii-fdi 8
539
2
bdfh-fdj 1
hbh-fdj 3
540
5
ee-fea 1
caf-fea 1
bbia-fea 7
bceb-fea 2
bdcd-fea 7
541
6
ieb-feb 1
hgh-feb 1
ibd-feb 3
ih-feb 1
dfh-feb 4
cid-feb 1
542
3
ffe-fec 1
bfcg-fec 37
bfij-fec 5
543
5
hdi-fed 1
eac-fed 1
fdh-fed 1
bbhb-fed 3
fjd-fed 1
544
5
fff-fee 1
be-fee 1
ihf-fee 3
bbaa-fee 4
ecb-fee 3
545
5
je-fef 1
dfe-fef 2
bbfh-fef 3
bdad-fef 1
bfdg-fef 58
546
6
ijc-feg 1
bd-feg 1
ihh-feg 1
bi-feg 1
hgh-feg 26
bcgj-feg 1
547
5
djg-feh 1
bch-feh 1
bbdc-feh 1
hei-feh 1
chc-feh 1
548
6
fbi-fei 1
dbc-fei 1
ffc-fei 1
eeg-fei 3
bcgi-fei 2
begd-fei 24
549
4
eji-fej 1
gcg-fej 1
hhe-fej 1
dfe-fej 1
550
5
bfef-ffa 1
idb-ffa 1
gch-ffa 1
df-ffa 1
dce-ffa 1
551
7
cfd-ffb 1
dab-ffb 6
cbd-ffb 1
gda-ffb 1
ica-ffb 3
i-ffb 1
jfe-ffb 1
552
4
bdj-ffc 1
ejg-ffc 1
bgc-ffc 2
hbb-ffc 5
553
3
jaf-ffd 1
dij-ffd 5
eia-ffd 1
554
2
baba-ffe 1
hdc-ffe 3
555
7
hfd-fff 1
edi-fff 1
chc-fff 1
fgj-fff 1
jbf-fff 2
baae-fff 3
baj-fff 2
556
1
ffi-ffg 1
557
2
e-ffh 1
fja-ffh 1
558
5
cdj-ffi 1
fed-ffi 1
gaj-ffi 1
bcdd-ffi 2
cif-ffi 1
559
4
dfd-ffj 1
gih-ffj 1
gfi-ffj 5
baid-ffj 2
560
8
igi-fga 1
bbhg-fga 1
bhe-fga 1
cie-fga 1
gei-fga 2
eae-fga 4
bdib-fga 1
ceb-fga 1
561
3
eei-fgb 1
gff-fgb 52
dba-fgb 2
562
5
dbd-fgc 1
cjb-fgc 1
jad-fgc 1
dgd-fgc 1
bagf-fgc 11
563
6
dij-fgd 1
bie-fgd 1
ffa-fgd 1
fb-fgd 1
bfff-fgd 3
bfic-fgd 7
564
2
gjf-fge 13
ibf-fge 1
565
2
def-fgf 1
ha-fgf 2
566
2
bih-fgg 1
ice-fgg 1
567
3
dbh-fgh 2
jcf-fgh 4
jjf-fgh 2
568
4
dfg-fgi 1
eeh-fgi 2
bcbi-fgi 1
hjf-fgi 1
569
4
egh-fgj 1
bdc-fgj 3
gbh-fgj 1
ghj-fgj 28
570
3
bfig-fha 1
bfi-fha 1
fhc-fha 5
571
6
beeb-fhb 1
feb-fhb 1
hfe-fhb 1
bajf-fhb 1
beaa-fhb 1
bfcb-fhb 64
572
6
bgea-fhc 1
cba-fhc 1
bbi-fhc 5
hch-fhc 1
bfed-fhc 65
ijj-fhc 1
573
4
dgi-fhd 1
dea-fhd 1
cih-fhd 2
hic-fhd 2
574
5
dic-fhe 1
ebh-fhe 2
gge-fhe 1
hci-fhe 2
jbe-fhe 1
575
2
gad-fhf 2
ffb-fhf 1
576
4
bbfh-fhg 1
da-fhg 1
fjc-fhg 3
jbb-fhg 1
577
1
cba-fhh 1
578
4
bja-fhi 20
idd-fhi 1
jcb-fhi 7
bcgj-fhi 4
579
5
ii-fhj 2
fgf-fhj 1
gaj-fhj 1
fag-fhj 2
bgde-fhj 1
580
4
cdd-fia 1
bb-fia 1
gcc-fia 9
hga-fia 2
581
3
gjb-fib 1
fgb-fib 4
bag-fib 1
582
6
bgaj-fic 1
cif-fic 1
ifh-fic 1
ijd-fic 1
cea-fic 7
hgg-fic 1
583
6
bbaa-fid 1
fh-fid 1
cdd-fid 1
hh-fid 2
cih-fid 7
gif-fid 2
584
3
efe-fie 5
ffb-fie 1
bccf-fie 3
585
4
bbc-fif 1
ibj-fif 1
bfcg-fif 2
gge-fif 7
586
6
bjc-fig 1
gfa-fig 1
eib-fig 4
dec-fig 2
ejg-fig 2
bfj-fig 1
587
3
ed-fih 1
id-fih 1
bcc-fih 1
588
4
haf-fii 1
bagb-fii 3
gde-fii 2
bcfh-fii 1
589
3
fdf-fij 1
ebj-fij 2
bdfi-fij 1
590
3
cih-fja 1
bhf-fja 1
edj-fja 8
591
9
egg-fjb 1
gcg-fjb 1
cij-fjb 1
hc-fjb 1
caa-fjb 2
hae-fjb 14
cja-fjb 1
gef-fjb 9
bggb-fjb 2
592
5
hdf-fjc 1
dbg-fjc 2
baee-fjc 1
bcff-fjc 2
cie-fjc 62
593
2
ecc-fjd 1
cif-fjd 1
594
4
fba-fje 2
hdj-fje 1
hci-fje 2
bbac-fje 2
595
3
fhc-fjf 1
jhf-fjf 1
bahg-fjf 1
596
2
bcfe-fjg 1
bhg-fjg 1
597
6
fdf-fjh 1
ei-fjh 1
babb-fjh 1
ddd-fjh 1
baij-fjh 2
g-fjh 1
598
9
fij-fji 1
bddi-fji 1
ejc-fji 1
ehf-fji 1
hh-fji 1
bgb-fji 1
iga-fji 3
cdf-fji 1
jbi-fji 4
599
3
ddi-fjj 1
bbg-fjj 3
gj-fjj 1
600
4
gie-gaa 1
gjf-gaa 1
gbb-gaa 2
bacj-gaa 59
601
3
ca-gab 1
ejg-gab 1
gdh-gab 68
602
1
cca-gac 1
603
6
bdfe-gad 1
bf-gad 2
cdf-gad 1
bjc-gad 1
hij-gad 11
jjh-gad 3
604
7
ceb-gae 1
bd-gae 1
jci-gae 1
hca-gae 1
bfi-gae 3
eig-gae 1
ghc-gae 1
605
1
bjh-gaf 1
606
5
jij-gag 1
dgc-gag 1
dff-gag 1
bahg-gag 1
bcba-gag 1
607
5
iaf-gah 1
cjc-gah 1
fac-gah 1
cdd-gah 1
ici-gah 1
608
2
daa-gai 1
gff-gai 1
609
4
di-gaj 1
ccf-gaj 1
iae-gaj 1
bcde-gaj 8
610
5
gcb-gba 1
hgc-gba 1
bbge-gba 20
fdi-gba 2
bbib-gba 14
611
6
bfjj-gbb 1
eja-gbb 6
efh-gbb 1
cgb-gbb 2
dhf-gbb 3
becb-gbb 1
612
6
bbh-gbc 1
ga-gbc 1
baab-gbc 6
bej-gbc 1
bbhc-gbc 1
hb-gbc 1
613
4
gca-gbd 1
fcb-gbd 3
cg-gbd 1
bbcd-gbd 3
614
1
bgfd-gbe 1
615
4
bdcf-gbf 1
fgd-gbf 2
bbeh-gbf 1
ccj-gbf 2
616
4
dga-gbg 1
hhb-gbg 1
bbcb-gbg 2
dhh-gbg 4
617
3
ff-gbh 1
dje-gbh 1
ejj-gbh 1
618
7
ej-gbi 1
dbi-gbi 1
ifc-gbi 6
bacg-gbi 2
cfd-gbi 1
dib-gbi 1
bbeh-gbi 5
619
4
gch-gbj 3
eaa-gbj 1
jej-gbj 2
bbfi-gbj 17
620
7
ddd-gca 1
gfd-gca 1
hbg-gca 1
iid-gca 1
haj-gca 1
jig-gca 1
bbfc-gca 1
621
6
cab-gcb 4
bch-gcb 1
bafh-gcb 1
jca-gcb 1
bbbb-gcb 1
bfbd-gcb 7
622
8
baee-gcc 1
iie-gcc 1
baad-gcc 1
gaj-gcc 1
bbii-gcc 1
ejb-gcc 1
bafc-gcc 7
cdh-gcc 10
623
4
ja-gcd 1
egf-gcd 3
bbjd-gcd 1
bgbi-gcd 1
624
3
fai-gce 1
dhb-gce 1
bdfi-gce 1
625
3
daf-gcf 1
cgj-gcf 2
baii-gcf 2
626
4
chg-gcg 1
hgd-gcg 1
cce-gcg 1
ijg-gcg 4
627
5
eja-gch 1
cih-gch 2
ffb-gch 1
fjh-gch 1
bdc-gch 10
628
6
bga-gci 1
fdc-gci 1
gid-gci 1
ghh-gci 1
cea-gci 5
igb-gci 11
629
2
ebb-gcj 5
ged-gcj 1
630
2
bdcf-gda 2
ihh-gda 5
631
4
bdci-gdb 2
cb-gdb 1
bbg-gdb 3
eah-gdb 67
632
5
cah-gdc 1
gbe-gdc 2
ifc-gdc 4
igj-gdc 1
babf-gdc 2
633
4
dgb-gdd 1
hfi-gdd 1
efh-gdd 1
bcag-gdd 2
634
5
gah-gde 1
hed-gde 1
gba-gde 1
baeb-gde 6
cdd-gde 2
635
4
bhc-gdf 2
gfe-gdf 9
hjh-gdf 1
bchf-gdf 12
636
5
bajh-gdg 1
db-gdg 1
gfd-gdg 1
hag-gdg 6
bddj-gdg 21
637
4
if-gdh 1
iih-gdh 1
bdfd-gdh 2
jci-gdh 79
638
1
jcc-gdi 1
639
3
gjg-gdj 3
cei-gdj 1
dib-gdj 1
640
5
edi-gea 1
eaa-gea 2
jh-gea 1
cda-gea 1
dea-gea 4
641
5
eff-geb 1
fcb-geb 1
hfa-geb 1
hhd-geb 4
begg-geb 1
642
2
ffc-gec 1
ihd-gec 4
643
1
bdbj-ged 4
644
1
dda-gee 1
645
4
bdgj-gef 1
gij-gef 1
gfh-gef 1
dfi-gef 11
646
4
bfcj-geg 1
baaa-geg 1
cie-geg 2
gaj-geg 1
647
4
gah-geh 1
iai-geh 1
bjh-geh 1
jg-geh 21
648
4
iba-gei 4
daf-gei 7
eeb-gei 1
ffa-gei 2
649
5
bge-gej 1
gda-gej 1
hgi-gej 7
fec-gej 4
cab-gej 1
650
2
hbc-gfa 3
bgeg-gfa 3
651
4
g-gfb 1
jhj-gfb 58
gfj-gfb 1
bcbi-gfb 1
652
4
bcb-gfc 2
ccf-gfc 1
baha-gfc 2
bche-gfc 1
653
3
gch-gfd 5
hjb-gfd 1
bdbg-gfd 11
654
3
baci-gfe 1
bif-gfe 1
hfa-gfe 1
655
7
hh-gff 1
idi-gff 1
ehe-gff 5
bga-gff 2
egf-gff 3
jbi-gff 1
eci-gff 1
656
4
cef-gfg 1
chc-gfg 1
jaj-gfg 1
bahh-gfg 4
657
4
bi-gfh 1
ffb-gfh 1
iga-gfh 2
jaj-gfh 1
658
5
ech-gfi 2
ghc-gfi 1
jeh-gfi 1
becd-gfi 27
dbd-gfi 1
659
1
bdba-gfj 2
660
3
bhe-gga 5
hhe-gga 1
gbc-gga 1
661
4
bee-ggb 2
eae-ggb 4
igf-ggb 1
bej-ggb 1
662
2
id-ggc 2
bgae-ggc 4
663
4
jhh-ggd 1
djj-ggd 2
igd-ggd 1
cjh-ggd 1
664
9
beg-gge 1
efd-gge 1
bfid-gge 1
eeb-gge 1
ehc-gge 2
gaj-gge 1
bdc-gge 3
beai-gge 1
ifg-gge 1
665
5
hab-ggf 1
feh-ggf 2
ibj-ggf 1
jfj-ggf 8
bcdj-ggf 1
666
4
caf-ggg 1
bih-ggg 1
die-ggg 2
dij-ggg 56
667
1
cab-ggh 1
668
3
bfc-ggi 1
cbc-ggi 1
cgh-ggi 8
670
4
bfgj-gha 1
gdh-gha 3
ifc-gha 5
gii-gha 1
671
6
bgef-ghb 1
ccg-ghb 1
bbff-ghb 2
bbfg-ghb 8
idb-ghb 6
bgae-ghb 4
672
8
efi-ghc 1
fhi-ghc 5
fea-ghc 1
cib-ghc 7
jjf-ghc 1
begg-ghc 2
beid-ghc 15
bch-ghc 5
673
3
did-ghd 1
egj-ghd 10
bae-ghd 1
674
3
cji-ghe 1
ccb-ghe 1
ggg-ghe 1
675
1
ggb-ghf 2
676
4
fhb-ghg 3
dhh-ghg 1
cej-ghg 1
fdj-ghg 1
677
3
bacj-ghh 1
fdi-ghh 1
cbc-ghh 5
678
4
hai-ghi 1
bge-ghi 1
cic-ghi 2
daf-ghi 11
679
5
bcbc-ghj 1
eig-ghj 1
fcd-ghj 2
fdb-ghj 1
hec-ghj 2
680
4
ccg-gia 1
ied-gia 2
hbf-gia 2
egg-gia 2
681
3
bbhf-gib 1
cic-gib 1
ehj-gib 1
682
5
fed-gic 1
gge-gic 1
bjc-gic 1
bbga-gic 1
dhi-gic 6
683
2
ddg-gid 1
cjj-gid 33
684
3
iih-gie 12
ihe-gie 1
ici-gie 2
685
5
jea-gif 1
hge-gif 1
gdf-gif 1
bcdi-gif 2
bcig-gif 6
686
4
cec-gig 1
bbe-gig 1
gj-gig 1
ijf-gig 1
687
5
fic-gih 1
baai-gih 1
die-gih 6
bbfb-gih 1
badc-gih 22
688
3
baab-gii 1
cgf-gii 1
ib-gii 2
689
5
ehf-gij 1
bei-gij 3
fgh-gij 1
ibd-gij 5
ehh-gij 2
690
2
ecd-gja 3
bajc-gja 1
691
1
ebc-gjb 1
692
5
hji-gjc 1
hg-gjc 2
ca-gjc 1
gbe-gjc 40
behb-gjc 34
693
1
gad-gjd 1
694
4
b-gje 1
eca-gje 1
bhc-gje 8
bbdf-gje 3
695
3
dig-gjf 9
hdh-gjf 4
ieg-gjf 15
696
6
egg-gjg 1
dci-gjg 1
bbic-gjg 4
bdda-gjg 7
behg-gjg 8
bfb-gjg 3
697
3
cbg-gjh 1
cje-gjh 1
dfd-gjh 3
698
2
ghe-gji 1
bbgf-gji 1
699
4
iii-gjj 1
cg-gjj 1
fbi-gjj 1
hhe-gjj 1
700
4
bcea-haa 1
bjj-haa 3
dg-haa 1
dbe-haa 2
701
3
bcfg-hab 1
gc-hab 1
fij-hab 1
702
4
gid-hac 1
gdb-hac 2
eif-hac 1
bcbg-hac 1
703
1
iec-had 2
704
6
fac-hae 1
ije-hae 2
idb-hae 4
chi-hae 20
bbic-hae 29
hea-hae 8
705
5
jji-haf 1
gic-haf 1
bbcd-haf 1
jda-haf 108
cdd-haf 1
706
6
dfg-hag 1
dic-hag 2
hje-hag 9
bcgb-hag 2
beje-hag 1
ecj-hag 1
707
4
dcd-hah 1
ghg-hah 1
efj-hah 5
fda-hah 14
708
3
bfh-hai 1
hfh-hai 3
bce-hai 1
709
1
bdjj-haj 36
710
3
bdbi-hba 1
bega-hba 1
gee-hba 1
711
4
eee-hbb 1
cfb-hbb 3
cgj-hbb 2
fac-hbb 6
712
3
ffc-hbc 6
jdg-hbc 6
bdif-hbc 1
713
6
eij-hbd 2
iah-hbd 1
jjf-hbd 1
bei-hbd 3
bcbd-hbd 1
bdff-hbd 26
714
3
fc-hbe 1
fji-hbe 9
edh-hbe 1
715
3
jf-hbf 1
fcf-hbf 5
dga-hbf 1
716
5
gde-hbg 4
ife-hbg 4
egh-hbg 2
jh-hbg 2
bdjf-hbg 5
717
4
babe-hbh 1
ci-hbh 1
dbj-hbh 1
ifg-hbh 1
718
2
egd-hbi 2
jfh-hbi 4
719
2
jge-hbj 13
bedf-hbj 42
720
7
g-hca 1
hcf-hca 2
ejj-hca 1
cib-hca 1
jid-hca 2
ead-hca 1
ibe-hca 3
721
5
bahd-hcb 1
cha-hcb 1
jba-hcb 1
bdfa-hcb 2
ffe-hcb 2
722
2
iee-hcc 1
cie-hcc 1
723
5
jee-hcd 1
hhf-hcd 1
bgi-hcd 11
ghf-hcd 1
bdhb-hcd 3
724
7
beaf-hce 1
gfj-hce 1
eab-hce 2
bde-hce 1
dha-hce 1
ejf-hce 3
bchf-hce 3
725
5
gad-hcf 1
cih-hcf 2
b-hcf 7
hhc-hcf 3
bbae-hcf 3
726
4
ibf-hcg 1
ja-hcg 4
jjg-hcg 1
baed-hcg 7
727
4
fci-hch 3
jcb-hch 1
gdg-hch 3
ghe-hch 1
728
5
geh-hci 4
baef-hci 1
bdff-hci 4
fbf-hci 2
ggi-hci 8
729
6
jd-hcj 1
eec-hcj 4
hdb-hcj 1
ejb-hcj 1
bbbg-hcj 1
bbgd-hcj 9
730
5
dec-hda 1
eda-hda 1
ffb-hda 5
ea-hda 1
idc-hda 2
731
4
fei-hdb 1
jh-hdb 1
bejg-hdb 10
bfhg-hdb 29
732
6
cbi-hdc 1
jbf-hdc 8
cej-hdc 1
bdac-hdc 7
gig-hdc 1
befb-hdc 11
733
4
ejb-hdd 1
bdg-hdd 8
cih-hdd 1
bcf-hdd 1
734
3
gdj-hde 1
bbjf-hde 3
jfh-hde 9
735
5
gbh-hdf 1
fad-hdf 1
bbha-hdf 10
dci-hdf 3
bcfg-hdf 1
736
3
eba-hdg 1
fjc-hdg 26
dac-hdg 2
737
3
fec-hdh 4
ihb-hdh 2
baga-hdh 1
738
3
beah-hdi 1
bic-hdi 1
iae-hdi 1
739
4
bci-hdj 1
eci-hdj 3
haa-hdj 6
jbj-hdj 1
740
8
befg-hea 1
fdf-hea 4
jjg-hea 2
jb-hea 1
djb-hea 7
bdfd-hea 2
cb-hea 1
bcji-hea 2
741
2
fab-heb 1
icg-heb 2
742
4
fai-hec 1
bdda-hec 1
bdhc-hec 11
bfjg-hec 4
743
3
ffe-hed 2
bcbg-hed 3
bfei-hed 1
744
3
gbf-hee 4
ijb-hee 1
bfhd-hee 8
745
5
bjd-hef 1
beg-hef 1
bge-hef 1
gha-hef 1
bfch-hef 4
746
3
ceb-heg 1
bcdd-heg 4
fid-heg 1
747
4
hii-heh 8
ggc-heh 2
ed-heh 1
dcb-heh 2
748
3
ie-hei 1
fad-hei 1
if-hei 3
749
4
bgbd-hej 1
gcc-hej 1
cec-hej 3
ccd-hej 2
750
5
dgc-hfa 2
jga-hfa 1
jhg-hfa 1
bdi-hfa 1
befe-hfa 1
751
5
egc-hfb 1
icd-hfb 4
gc-hfb 1
beh-hfb 1
bff-hfb 2
752
3
gab-hfc 1
gjh-hfc 3
bcdc-hfc 1
753
4
bcec-hfd 1
ddc-hfd 1
bad-hfd 1
eih-hfd 2
754
4
gac-hfe 1
dfb-hfe 1
bahd-hfe 5
ejg-hfe 3
755
3
hge-hff 1
bacc-hff 1
bbci-hff 1
756
3
bbac-hfg 1
gfd-hfg 2
ij-hfg 1
757
5
bbaj-hfh 1
eci-hfh 1
ihf-hfh 2
ede-hfh 10
ibb-hfh 1
758
3
heb-hfi 1
eci-hfi 4
beih-hfi 72
759
3
bfhi-hfj 1
gaa-hfj 4
jfc-hfj 1
760
2
bbg-hga 1
fdb-hga 2
761
6
iaj-hgb 1
bdf-hgb 1
gcc-hgb 1
dfj-hgb 1
hfc-hgb 3
bccd-hgb 1
762
4
dej-hgc 2
hje-hgc 10
fea-hgc 3
fia-hgc 8
763
2
bedb-hgd 1
bbfa-hgd 4
764
3
efg-hge 4
jdc-hge 1
beff-hge 45
765
4
bci-hgf 1
fea-hgf 2
icd-hgf 4
bafe-hgf 7
766
3
ddc-hgg 1
baib-hgg 1
ehf-hgg 1
767
2
dej-hgh 1
deg-hgh 3
768
4
hah-hgi 1
baai-hgi 1
cdb-hgi 5
baja-hgi 19
769
1
bbjj-hgj 1
770
6
ii-hha 2
ihj-hha 9
hdd-hha 2
bi-hha 1
baad-hha 2
dag-hha 1
771
5
fj-hhb 1
dfa-hhb 1
bbaa-hhb 4
bbaj-hhb 1
gfa-hhb 2
772
3
eia-hhc 1
fhc-hhc 1
beff-hhc 13
773
4
ch-hhd 1
gaa-hhd 30
bdec-hhd 4
bbd-hhd 1
774
5
gja-hhe 1
fcd-hhe 1
dji-hhe 1
eff-hhe 8
bdfa-hhe 2
775
4
ed-hhf 1
dag-hhf 1
bafj-hhf 2
bcf-hhf 2
776
4
bcd-hhg 1
hbb-hhg 3
ga-hhg 1
dgd-hhg 5
777
2
ebd-hhh 1
haa-hhh 1
778
2
dcj-hhi 1
bdci-hhi 7
779
7
bfag-hhj 1
jec-hhj 1
beb-hhj 2
idc-hhj 1
hie-hhj 2
cbg-hhj 1
chi-hhj 1
780
3
dbf-hia 1
bbie-hia 2
jdd-hia 9
781
3
ccc-hib 1
bbi-hib 24
bbfb-hib 2
782
4
chh-hic 1
bgcf-hic 1
dhd-hic 4
dcc-hic 4
783
1
bgdg-hid 4
784
2
bjg-hie 1
bgbb-hie 2
785
3
fje-hif 4
cii-hif 2
ggc-hif 3
786
3
gb-hig 1
fig-hig 4
che-hig 1
787
5
ddh-hih 1
eii-hih 1
iaf-hih 3
bfg-hih 1
bdbe-hih 1
788
4
fej-hii 1
djb-hii 2
jaj-hii 2
cgi-hii 38
789
6
fj-hij 1
hag-hij 1
dif-hij 5
bbbd-hij 1
jff-hij 2
bji-hij 7
790
2
fae-hja 4
gbd-hja 3
791
3
cfh-hjb 1
bde-hjb 1
cbb-hjb 2
792
7
hcc-hjc 1
edj-hjc 1
ifd-hjc 1
gaj-hjc 1
bbfi-hjc 16
bfhe-hjc 15
hbi-hjc 1
793
2
fef-hjd 1
bbd-hjd 1
794
2
bdja-hje 1
fgj-hje 1
795
3
beji-hjf 1
gid-hjf 1
edj-hjf 29
796
7
jdh-hjg 1
cfa-hjg 2
gci-hjg 1
eda-hjg 1
igd-hjg 1
jgg-hjg 1
gdj-hjg 1
797
2
caj-hjh 1
bcg-hjh 1
798
3
bba-hji 1
iac-hji 1
hfj-hji 27
799
7
beea-hjj 1
bgc-hjj 1
fe-hjj 1
bace-hjj 1
fgd-hjj 6
gah-hjj 6
cjf-hjj 1
800
6
cij-iaa 1
deb-iaa 1
eef-iaa 1
jcg-iaa 40
ead-iaa 1
dhc-iaa 49
801
3
cdh-iab 2
ech-iab 29
bdbh-iab 5
802
3
eic-iac 2
hbi-iac 5
hia-iac 2
803
5
cba-iad 1
d-iad 1
jcd-iad 1
cgd-iad 5
dd-iad 1
804
5
cdf-iae 1
cjg-iae 1
fjd-iae 1
cib-iae 1
bcd-iae 3
805
4
ejf-iaf 1
gjf-iaf 12
jd-iaf 1
ecj-iaf 1
806
4
bage-iag 1
ihd-iag 3
ejg-iag 2
begg-iag 1
807
2
fei-iah 1
dad-iah 2
808
4
dje-iai 1
jh-iai 1
gf-iai 1
beja-iai 1
809
3
gbh-iaj 1
gci-iaj 1
bddg-iaj 4
810
5
bbbj-iba 1
bcb-iba 3
bafb-iba 10
bbba-iba 10
ejb-iba 1
811
2
iha-ibb 3
bead-ibb 1
812
2
egb-ibc 1
bbgf-ibc 1
813
2
bgcj-ibd 1
bdhd-ibd 7
814
3
fba-ibe 8
jbe-ibe 1
bbcc-ibe 12
815
3
dih-ibf 1
bffh-ibf 1
dje-ibf 3
816
4
efj-ibg 1
ceb-ibg 1
fhg-ibg 6
bafg-ibg 2
817
3
eja-ibh 27
bahj-ibh 1
babb-ibh 36
818
5
fii-ibi 1
gi-ibi 1
bjc-ibi 3
jib-ibi 1
fdi-ibi 6
819
4
bbcd-ibj 1
hae-ibj 1
bbdb-ibj 4
dfd-ibj 8
820
5
becf-ica 1
dgi-ica 1
jde-ica 1
bcfh-ica 1
edc-ica 1
821
3
fhj-icb 2
fib-icb 2
hfi-icb 68
822
2
fdh-icc 1
edb-icc 1
823
5
hj-icd 13
jaa-icd 2
eig-icd 1
hcd-icd 3
jaj-icd 10
824
3
ehd-ice 1
hgi-ice 1
jfh-ice 2
825
4
cih-icf 2
dbb-icf 3
bcha-icf 1
fce-icf 13
826
3
gcg-icg 1
bjj-icg 1
bcdi-icg 11
827
2
djd-ich 1
beei-ich 4
828
3
jc-ici 1
dfa-ici 2
cj-ici 3
829
2
jie-icj 1
hbe-icj 1
830
5
bcfd-ida 1
hee-ida 1
jbh-ida 1
bhf-ida 1
ehj-ida 1
831
7
ghi-idb 1
fce-idb 2
jcb-idb 1
cdh-idb 1
bach-idb 4
bfjd-idb 1
cii-idb 1
832
3
gjg-idc 21
djj-idc 1
iij-idc 2
833
4
bfda-idd 1
fj-idd 2
bbah-idd 3
fih-idd 1
834
1
fgc-ide 1
835
5
dh-idf 6
jhi-idf 1
efa-idf 4
dii-idf 4
bajg-idf 1
836
4
dhd-idg 1
ic-idg 1
bfi-idg 3
bagf-idg 1
837
3
bad-idh 1
gdg-idh 1
hhg-idh 1
838
5
bgfa-idi 1
ech-idi 1
hhc-idi 2
baeh-idi 1
bbdd-idi 4
839
3
bcc-idj 6
bgf-idj 1
fdj-idj 6
840
4
bij-iea 1
chb-iea 1
eeb-iea 1
bebf-iea 55
841
3
fhb-ieb 10
bdaj-ieb 1
bbie-ieb 3
842
5
hfh-iec 1
iff-iec 1
fgf-iec 1
hfg-iec 48
bbca-iec 2
843
4
jac-ied 1
bbid-ied 10
hhb-ied 2
bche-ied 1
844
3
efc-iee 2
baje-iee 2
bdcd-iee 1
845
4
ea-ief 1
hag-ief 2
bfc-ief 8
bbah-ief 7
846
5
ffh-ieg 1
ebg-ieg 1
hcd-ieg 2
fjj-ieg 2
idd-ieg 11
847
4
caj-ieh 1
bge-ieh 1
bjg-ieh 1
bchj-ieh 8
848
6
efg-iei 10
dbf-iei 1
gdf-iei 1
hgi-iei 10
behf-iei 2
bcgb-iei 2
849
2
bbh-iej 1
bdi-iej 1
850
5
ccc-ifa 1
hcf-ifa 14
bbbi-ifa 4
bdbe-ifa 1
bdih-ifa 1
851
3
fgh-ifb 1
dfh-ifb 11
bagh-ifb 6
852
6
cee-ifc 1
ejj-ifc 1
bchg-ifc 1
gfa-ifc 2
fdj-ifc 1
jid-ifc 8
853
4
bah-ifd 1
cf-ifd 9
ijh-ifd 1
bbhd-ifd 21
854
3
dad-ife 13
bbdj-ife 1
hjf-ife 35
855
5
fb-iff 1
bjb-iff 1
jgf-iff 2
cgi-iff 1
efe-iff 15
856
3
bgeb-ifg 1
jci-ifg 1
be-ifg 9
857
4
eif-ifh 1
baga-ifh 2
baai-ifh 2
cid-ifh 6
858
2
bcci-ifi 3
badf-ifi 1
859
1
chb-ifj 1
860
2
gfj-iga 1
ebb-iga 4
861
2
gb-igb 1
cif-igb 11
862
3
eaf-igc 2
gh-igc 1
bcgi-igc 11
863
3
ife-igd 2
ggg-igd 3
hfd-igd 1
864
3
dbi-ige 2
hjc-ige 11
dbj-ige 3
865
1
egi-igf 1
866
1
babd-igg 1
867
1
hag-igh 4
868
3
gag-igi 1
bcbj-igi 2
bbg-igi 2
869
4
gih-igj 1
dde-igj 3
jba-igj 5
bdie-igj 4
870
4
hgf-iha 1
jfa-iha 4
bcdj-iha 49
bbfe-iha 2
871
2
eii-ihb 1
bbcj-ihb 3
872
3
eba-ihc 1
jfd-ihc 1
ehj-ihc 3
873
4
fj-ihd 1
bbdd-ihd 1
behh-ihd 23
bgei-ihd 1
874
3
hdi-ihe 4
hdj-ihe 1
hdg-ihe 6
875
5
bbad-ihf 1
eh-ihf 1
ijj-ihf 3
cfb-ihf 1
bfcc-ihf 2
876
4
gbf-ihg 1
cdj-ihg 3
gij-ihg 5
bcj-ihg 1
877
3
eef-ihh 1
cib-ihh 4
gih-ihh 1
878
5
bdgf-ihi 1
gjh-ihi 1
jg-ihi 1
hdb-ihi 1
bebh-ihi 2
879
2
caf-ihj 1
cef-ihj 5
880
3
fgb-iia 1
hfh-iia 2
fid-iia 3
881
5
id-iib 10
cfb-iib 1
bafa-iib 2
baeb-iib 35
chd-iib 2
882
4
jje-iic 1
iie-iic 2
fag-iic 12
gfa-iic 1
883
4
cej-iid 1
ffa-iid 3
iae-iid 1
bfei-iid 1
884
5
cbb-iie 1
bec-iie 1
jee-iie 3
bgc-iie 1
bejf-iie 3
885
2
hif-iif 2
bbei-iif 3
886
3
hcg-iig 5
hjb-iig 1
ddg-iig 1
887
1
hbj-iih 1
888
1
bbib-iii 3
889
1
baaa-iij 8
890
3
dbj-ija 1
iaa-ija 1
bcfe-ija 1
891
1
ega-ijb 1
892
4
bbf-ijc 1
hg-ijc 1
cgi-ijc 1
bcij-ijc 1
893
3
hfi-ijd 1
gdh-ijd 2
beda-ijd 65
894
4
beef-ije 1
bef-ije 2
gda-ije 1
bbbj-ije 6
895
2
hei-ijf 1
bj-ijf 2
896
2
ig-ijg 1
behi-ijg 1
897
2
hhg-ijh 1
bii-ijh 3
898
1
gd-iji 1
899
2
cff-ijj 1
iaf-ijj 4
900
3
cf-jaa 1
jbg-jaa 1
bbjh-jaa 7
901
3
djh-jab 1
baej-jab 1
gbe-jab 1
902
5
ghg-jac 1
hca-jac 2
ejj-jac 3
ibb-jac 3
bgg-jac 3
903
3
djc-jad 1
bcij-jad 2
dgj-jad 1
904
3
cja-jae 2
ee-jae 1
bbih-jae 12
905
2
bgd-jaf 1
bdig-jaf 4
906
3
cg-jag 1
cbc-jag 4
bdij-jag 1
907
6
cfe-jah 1
fie-jah 5
bajg-jah 1
bchh-jah 14
bcif-jah 1
baia-jah 13
908
5
gbj-jai 1
hah-jai 2
efa-jai 6
bbbg-jai 18
bffi-jai 4
909
2
iic-jaj 2
ebd-jaj 27
910
3
gej-jba 1
cgd-jba 1
bdef-jba 2
911
2
gjc-jbb 2
dhg-jbb 4
912
2
gbg-jbc 4
jca-jbc 18
913
3
bfad-jbd 1
dij-jbd 4
bgh-jbd 2
914
3
de-jbe 1
fbj-jbe 2
bbig-jbe 1
915
5
gfg-jbf 2
jbe-jbf 1
bedi-jbf 20
hai-jbf 2
cc-jbf 1
916
5
baie-jbg 1
igc-jbg 1
bjd-jbg 1
ehd-jbg 13
bdid-jbg 3
917
3
bji-jbh 2
babf-jbh 12
dbd-jbh 12
918
2
bdcc-jbi 1
hai-jbi 1
919
5
ieg-jbj 1
hdc-jbj 1
jhb-jbj 1
ejd-jbj 1
daa-jbj 1
920
4
idf-jca 7
jde-jca 1
jfg-jca 23
fdh-jca 2
921
4
faj-jcb 1
gae-jcb 1
ihh-jcb 1
hhf-jcb 3
922
3
fjg-jcc 1
fej-jcc 1
gfb-jcc 8
923
4
jcc-jcd 1
ied-jcd 2
bagh-jcd 1
hgh-jcd 7
924
1
bafi-jce 2
925
3
igj-jcf 5
djc-jcf 1
ghe-jcf 1
926
3
babe-jcg 1
cfj-jcg 1
ggg-jcg 46
927
1
hhh-jch 1
928
6
hhe-jci 1
fch-jci 2
fb-jci 1
beia-jci 1
bfbf-jci 76
gih-jci 20
930
3
bgdf-jda 1
cjb-jda 1
bdig-jda 104
931
5
bbaj-jdb 2
jji-jdb 2
cgf-jdb 5
hge-jdb 7
jhc-jdb 4
932
3
hbh-jdc 1
gdh-jdc 2
jc-jdc 1
933
3
dic-jdd 4
dhc-jdd 12
ffh-jdd 1
934
6
bi-jde 1
bie-jde 1
baad-jde 1
bcjb-jde 1
bdgi-jde 1
ha-jde 1
936
7
ibi-jdg 4
fbf-jdg 1
dhj-jdg 8
gea-jdg 3
bhb-jdg 3
bh-jdg 1
cjh-jdg 1
937
1
ea-jdh 1
938
1
dfb-jdi 1
939
4
ja-jdj 1
eic-jdj 1
jfj-jdj 3
dhb-jdj 1
940
2
ije-jea 12
ef-jea 1
941
1
jad-jeb 2
942
5
badg-jec 1
ehc-jec 3
bgb-jec 1
dae-jec 1
bdfg-jec 1
943
1
djc-jed 1
944
4
ceg-jee 1
ej-jee 1
cfg-jee 2
hjb-jee 40
945
5
badj-jef 1
bbje-jef 1
beh-jef 1
fad-jef 5
bbfe-jef 1
946
2
bbj-jeg 6
baib-jeg 1
947
3
ddj-jeh 2
bafe-jeh 1
bgdb-jeh 3
948
2
eff-jei 1
jja-jei 1
949
3
dch-jej 1
fgj-jej 1
ehb-jej 20
950
4
fdj-jfa 1
bhe-jfa 7
iec-jfa 4
chb-jfa 2
951
3
cge-jfb 1
bbdb-jfb 2
ebb-jfb 4
952
3
cgh-jfc 8
jgb-jfc 49
egb-jfc 1
953
2
fbd-jfd 7
babc-jfd 19
954
4
egf-jfe 1
bcif-jfe 1
bfgb-jfe 62
c-jfe 9
955
3
ee-jff 1
egg-jff 5
bfeb-jff 4
956
4
fic-jfg 1
ghc-jfg 1
bccb-jfg 12
ega-jfg 11
957
5
bffj-jfh 1
fdf-jfh 1
gfb-jfh 1
eij-jfh 3
ddc-jfh 1
958
4
bbj-jfi 1
dii-jfi 1
eib-jfi 1
befa-jfi 42
959
5
bcc-jfj 3
jfa-jfj 2
bcaj-jfj 2
bdhe-jfj 72
eac-jfj 1
960
5
bfab-jga 1
fdf-jga 3
bagg-jga 4
bfcd-jga 76
bfcf-jga 1
961
1
ecd-jgb 49
962
5
ibd-jgc 1
babj-jgc 1
ied-jgc 4
bba-jgc 2
cfa-jgc 1
963
1
ghb-jgd 1
964
5
dda-jge 1
bagf-jge 2
gbf-jge 2
bedj-jge 4
bcgj-jge 13
965
5
i-jgf 1
fbf-jgf 1
hhj-jgf 5
fjd-jgf 1
bhg-jgf 1
966
3
cfd-jgg 2
bajc-jgg 5
heh-jgg 6
967
2
dfc-jgh 1
jcb-jgh 2
968
2
gjf-jgi 1
iae-jgi 47
970
4
ghd-jha 1
jia-jha 1
bea-jha 1
efh-jha 1
971
1
ejg-jhb 1
972
4
eej-jhc 9
ced-jhc 3
gga-jhc 1
hei-jhc 2
973
2
geb-jhd 4
gba-jhd 31
974
3
bbai-jhe 1
jae-jhe 1
jih-jhe 1
975
4
gid-jhf 1
bajj-jhf 39
fch-jhf 5
behe-jhf 18
976
2
fbi-jhg 3
hde-jhg 11
977
3
gab-jhh 2
gej-jhh 1
bfia-jhh 6
978
3
fca-jhi 1
bagi-jhi 2
bcj-jhi 6
979
1
eei-jhj 1
980
7
hdd-jia 1
baac-jia 2
bje-jia 2
baca-jia 1
bded-jia 12
ecc-jia 2
ddg-jia 2
981
4
iac-jib 1
bab-jib 2
gda-jib 1
bjf-jib 2
982
2
igj-jic 1
hff-jic 1
983
4
jff-jid 4
cag-jid 1
bdgd-jid 2
bgfj-jid 7
984
3
hdb-jie 1
baih-jie 4
cij-jie 1
985
4
bb-jif 1
hah-jif 11
dge-jif 3
bdih-jif 1
986
3
gha-jig 1
bbe-jig 1
bafi-jig 2
987
3
jhi-jih 1
gfi-jih 1
bfa-jih 2
988
4
cei-jii 1
bjh-jii 1
ihe-jii 1
ddf-jii 10
989
2
ge-jij 1
bah-jij 1
990
1
idh-jja 1
991
6
ihg-jjb 1
bdi-jjb 1
jif-jjb 1
hja-jjb 3
ieg-jjb 1
cjc-jjb 1
992
3
jhg-jjc 3
jbg-jjc 4
bcgb-jjc 21
993
1
daj-jjd 2
994
5
bbcg-jje 1
hdd-jje 1
badd-jje 2
baig-jje 7
ej-jje 1
995
2
hja-jjf 4
ccf-jjf 1
996
2
efa-jjg 2
gfc-jjg 3
997
1
geh-jjh 3
998
2
hef-jji 3
j-jji 1
999
3
baea-jjj 1
edg-jjj 2
bcci-jjj 75
1000
1
fgi-baaa 43
1001
5
jeg-baab 1
ifd-baab 4
bbdf-baab 1
bc-baab 1
efi-baab 1
1002
2
hig-baac 2
jbh-baac 10
1003
4
bbbh-baad 1
ehj-baad 3
jcd-baad 3
ceb-baad 36
1004
2
dib-baae 1
eje-baae 7
1005
2
baae-baaf 5
bdej-baaf 1
1006
5
beja-baag 1
fc-baag 1
cdc-baag 1
jci-baag 18
ffj-baag 3
1007
2
baef-baah 3
jab-baah 1
1008
4
dgd-baai 1
bacb-baai 5
baha-baai 8
igj-baai 2
1009
1
ceb-baaj 1
1010
5
jdf-baba 1
dfi-baba 1
haj-baba 1
bbfb-baba 1
ehi-baba 13
1011
3
djh-babb 1
ggi-babb 3
edh-babb 2
1012
5
if-babc 1
baif-babc 1
jga-babc 1
ege-babc 1
beag-babc 12
1013
3
dfe-babd 1
gec-babd 2
bddi-babd 1
1014
4
ebj-babe 1
cjc-babe 1
ije-babe 4
dbj-babe 1
1015
2
begj-babf 1
ceg-babf 1
1016
3
bbdj-babg 1
beba-babg 17
bdhd-babg 12
1017
2
cbg-babh 4
baia-babh 4
1018
3
gd-babi 1
cdb-babi 18
baij-babi 43
1019
3
bbcg-babj 2
fdc-babj 2
bfib-babj 1
1020
1
igh-baca 4
1021
6
jhb-bacb 1
bgbj-bacb 1
jg-bacb 4
heb-bacb 2
jce-bacb 1
bcje-bacb 3
1022
3
feg-bacc 2
hbc-bacc 4
gdb-bacc 64
1023
1
jgf-bacd 1
1024
2
dhb-bace 2
bbcd-bace 2
1025
1
ifd-bacf 1
1026
2
cja-bacg 1
bgdb-bacg 2
1027
3
bih-bach 1
fdd-bach 1
baag-bach 1
1028
2
egi-baci 1
ejc-baci 18
1029
4
ib-bacj 1
bada-bacj 4
iha-bacj 60
ibj-bacj 3
1030
4
bbcf-bada 4
hej-bada 3
gdb-bada 4
ecj-bada 1
1031
3
bddf-badb 1
bdf-badb 8
dcd-badb 2
1032
3
cad-badc 1
hfg-badc 4
ifg-badc 24
1033
3
jc-badd 1
bcac-badd 5
gh-badd 1
1034
1
ega-bade 4
1035
1
fgh-badf 4
1036
2
jhi-badg 1
bbbf-badg 1
1037
2
fhe-badh 1
bbgj-badh 1
1038
2
bbdi-badi 1
ghg-badi 1
1039
4
ff-badj 1
ijj-badj 1
bbhf-badj 3
bjf-badj 25
1040
4
jgg-baea 1
cid-baea 1
he-baea 1
hdd-baea 5
1041
4
fd-baeb 1
iag-baeb 4
bbaf-baeb 2
bdcj-baeb 36
1042
5
hbg-baec 1
jha-baec 1
bcac-baec 1
jaa-baec 5
ccb-baec 1
1043
1
djc-baed 9
1044
1
baeg-baee 7
1045
4
efd-baef 1
bdbf-baef 1
fi-baef 3
gj-baef 1
1046
4
bcef-baeg 1
hhd-baeg 3
jdc-baeg 3
baic-baeg 1
1047
2
dfd-baeh 1
ihg-baeh 1
1048
4
bagg-baei 1
bcig-baei 1
chj-baei 1
bhc-baei 2
1049
4
bbhh-baej 65
hih-baej 1
bdij-baej 1
bdfj-baej 44
1050
5
jdj-bafa 1
hgc-bafa 1
babe-bafa 7
cff-bafa 1
dgj-bafa 7
1051
4
baah-bafb 3
bcji-bafb 1
bbbd-bafb 9
gdg-bafb 23
1052
4
jce-bafc 1
hii-bafc 10
gfg-bafc 1
bbef-bafc 2
1053
2
fei-bafd 1
cfa-bafd 3
1054
3
fdd-bafe 1
dhc-bafe 1
bgf-bafe 1
1055
2
hcj-baff 1
bfif-baff 60
1056
1
fdd-bafg 10
1057
1
jbd-bafh 1
1058
4
bhj-bafi 4
chi-bafi 2
bbgf-bafi 1
bag-bafi 2
1059
3
gfi-bafj 1
bcag-bafj 1
hef-bafj 27
1060
2
bbag-baga 1
ded-baga 1
1061
2
fhb-bagb 1
bcgd-bagb 1
1062
1
gie-bagc 3
1063
3
beg-bagd 1
hgd-bagd 3
ibg-bagd 1
1064
4
jfb-bage 6
babh-bage 1
bbcj-bage 1
jhf-bage 61
1065
2
bede-bagf 1
bgd-bagf 3
1066
5
hgb-bagg 1
jid-bagg 1
baie-bagg 4
bbgh-bagg 1
fcb-bagg 11
1067
6
gje-bagh 1
cde-bagh 1
jbd-bagh 1
ijg-bagh 3
cgf-bagh 7
eab-bagh 2
1068
3
ehh-bagi 1
ggh-bagi 1
bcac-bagi 5
1069
3
jhd-bagj 30
bad-bagj 1
bgj-bagj 1
1070
2
bcgf-baha 1
bgcc-baha 1
1071
2
cgc-bahb 1
bgah-bahb 1
1072
1
hbg-bahc 1
1073
6
behd-bahd 1
efa-bahd 3
dii-bahd 1
bcgf-bahd 1
beij-bahd 9
dbb-bahd 47
1074
1
bcdi-bahe 3
1075
2
bagd-bahf 2
ffi-bahf 1
1076
2
bgc-bahg 1
gjc-bahg 95
1077
4
bedg-bahh 1
hea-bahh 3
bahg-bahh 6
jab-bahh 1
1078
4
hab-bahi 2
ceh-bahi 1
ghc-bahi 11
ia-bahi 1
1079
2
ghi-bahj 1
fbe-bahj 1
1080
3
jif-baia 1
gaf-baia 1
bgg-baia 16
1081
2
iac-baib 3
hih-baib 2
1082
3
babi-baic 1
iaa-baic 1
bcgg-baic 1
1083
2
ib-baid 1
bejd-baid 2
1084
5
chg-baie 1
iaf-baie 4
bade-baie 3
efc-baie 3
bai-baie 2
1085
1
jcb-baif 4
1086
4
hif-baig 1
edd-baig 4
jgh-baig 3
ihc-baig 1
1087
6
gcf-baih 1
bbgd-baih 1
eea-baih 1
bcej-baih 1
becj-baih 7
bcgf-baih 1
1088
2
ffj-baii 2
bbab-baii 5
1089
3
bha-baij 1
bfh-baij 1
ife-baij 41
1090
4
bif-baja 4
cgg-baja 1
bcfj-baja 11
cdh-baja 7
1091
3
ji-bajb 3
bdfg-bajb 2
bafj-bajb 5
1092
3
dhb-bajc 1
hih-bajc 1
bbae-bajc 3
1093
4
hha-bajd 8
hhg-bajd 1
edc-bajd 1
bfjc-bajd 2
1094
4
gfi-baje 1
iej-baje 14
hhe-baje 2
bdab-baje 3
1095
5
bbgi-bajf 1
eca-bajf 1
jcd-bajf 3
jeb-bajf 1
bcje-bajf 1
1096
2
cgf-bajg 1
fi-bajg 1
1097
2
bia-bajh 1
hba-bajh 3
1098
2
baje-baji 40
bhf-baji 1
1099
3
ejh-bajj 1
eci-bajj 2
bajf-bajj 38
1100
3
bcfa-bbaa 1
ghb-bbaa 1
beeg-bbaa 1
1101
2
cde-bbab 1
bbfc-bbab 11
1102
4
bejd-bbac 1
dce-bbac 41
iif-bbac 5
fed-bbac 3
1103
2
jbh-bbad 1
bbag-bbad 11
1104
6
gc-bbae 1
gid-bbae 2
eah-bbae 1
bcfc-bbae 1
hg-bbae 1
bgba-bbae 2
1105
2
eff-bbaf 3
hhg-bbaf 1
1106
1
gff-bbag 22
1107
4
cja-bbah 1
bfjh-bbah 1
fhe-bbah 4
beci-bbah 7
1108
3
bafj-bbai 1
bhj-bbai 5
bdch-bbai 1
1109
1
ich-bbaj 3
1110
5
hde-bbba 1
babb-bbba 1
cgd-bbba 3
hdb-bbba 30
jid-bbba 2
1111
1
hed-bbbb 2
1113
4
icb-bbbd 1
baec-bbbd 8
bbh-bbbd 2
bgab-bbbd 7
1114
3
bcc-bbbe 12
bccj-bbbe 30
dhj-bbbe 8
1115
3
gej-bbbf 1
faj-bbbf 1
cef-bbbf 1
1116
3
ief-bbbg 12
baci-bbbg 1
icb-bbbg 8
1117
2
ehg-bbbh 8
bagc-bbbh 3
1118
2
bac-bbbi 4
gee-bbbi 1
1119
3
big-bbbj 2
bahe-bbbj 2
bgdj-bbbj 6
1120
2
bdd-bbca 1
jcc-bbca 3
1121
6
djj-bbcb 4
ccc-bbcb 1
jfd-bbcb 6
fbc-bbcb 1
iee-bbcb 2
hih-bbcb 6
1122
2
hbd-bbcc 26
bgf-bbcc 2
1123
3
baii-bbcd 1
jjd-bbcd 1
gje-bbcd 4
1124
2
iff-bbce 5
gde-bbce 2
1125
2
fhc-bbcf 1
bbae-bbcf 1
1126
3
fcg-bbcg 1
bdid-bbcg 3
ccj-bbcg 7
1127
1
icb-bbch 3
1128
2
bie-bbci 1
babh-bbci 5
1129
2
hee-bbcj 5
bbbb-bbcj 1
1130
3
jde-bbda 28
ehh-bbda 1
bbji-bbda 2
1131
5
bfdj-bbdb 1
ifa-bbdb 1
bbf-bbdb 1
hjj-bbdb 4
idc-bbdb 18
1132
1
jh-bbdc 1
1133
5
beb-bbdd 1
fgh-bbdd 2
gid-bbdd 5
bci-bbdd 19
eii-bbdd 4
1134
1
jif-bbde 16
1135
3
baed-bbdf 2
gbi-bbdf 11
gbc-bbdf 1
1136
3
bhc-bbdg 4
bid-bbdg 1
bgdc-bbdg 7
1137
3
eef-bbdh 1
bcjd-bbdh 3
ghb-bbdh 8
1138
3
bcba-bbdi 1
baee-bbdi 5
hbh-bbdi 16
1139
1
ghi-bbdj 2
1140
3
dfh-bbea 1
cga-bbea 2
df-bbea 6
1141
5
bbae-bbeb 1
ihd-bbeb 1
bbde-bbeb 1
bffc-bbeb 1
ji-bbeb 3
1142
2
bcie-bbec 1
cai-bbec 1
1143
1
jc-bbed 2
1144
2
bdee-bbee 1
gcj-bbee 1
1145
4
fjf-bbef 1
badd-bbef 4
ce-bbef 1
fjb-bbef 25
1146
3
bgbc-bbeg 1
eca-bbeg 5
bcjg-bbeg 4
1147
2
ghj-bbeh 1
eg-bbeh 6
1148
2
eif-bbei 1
gej-bbei 4
1149
3
fci-bbej 1
bcbb-bbej 30
fja-bbej 7
1150
2
jf-bbfa 1
bacc-bbfa 6
1151
5
bdah-bbfb 1
fgd-bbfb 1
bbgg-bbfb 9
baji-bbfb 15
ghj-bbfb 1
1152
2
ibh-bbfc 19
bfej-bbfc 1
1153
4
ebc-bbfd 1
eaa-bbfd 10
bdcj-bbfd 5
bdje-bbfd 1
1154
2
chg-bbfe 1
bbgi-bbfe 10
1155
6
bdjd-bbff 1
hg-bbff 1
fcc-bbff 12
jig-bbff 1
dbh-bbff 2
ihi-bbff 6
1156
4
bfee-bbfg 1
fea-bbfg 5
eee-bbfg 2
bcjh-bbfg 1
1157
3
efd-bbfh 1
gec-bbfh 2
bbjg-bbfh 11
1158
3
bbej-bbfi 44
bace-bbfi 1
bfhb-bbfi 11
1159
4
babh-bbfj 2
cbc-bbfj 10
ifc-bbfj 41
cje-bbfj 1
1160
2
jbc-bbga 1
eji-bbga 3
1161
4
hgd-bbgb 1
iic-bbgb 2
jff-bbgb 2
hi-bbgb 18
1162
1
bafa-bbgc 6
1163
1
bgag-bbgd 1
1164
4
ddd-bbge 2
eb-bbge 9
bbff-bbge 10
ihg-bbge 1
1165
1
fcj-bbgf 2
1166
4
bcde-bbgg 3
bdai-bbgg 5
ca-bbgg 1
gfh-bbgg 2
1167
1
bbei-bbgh 2
1168
4
jgi-bbgi 1
jab-bbgi 1
bdgi-bbgi 1
bfi-bbgi 3
1169
4
bbcj-bbgj 2
hjc-bbgj 1
eah-bbgj 6
bejh-bbgj 7
1170
2
begi-bbha 1
fbe-bbha 2
1171
2
djd-bbhb 2
iec-bbhb 45
1172
3
cbh-bbhc 1
jdi-bbhc 1
bca-bbhc 1
1173
4
bdb-bbhd 1
bced-bbhd 1
ece-bbhd 2
j-bbhd 10
1174
4
gfe-bbhe 1
id-bbhe 1
fh-bbhe 1
bbgb-bbhe 13
1175
3
dia-bbhf 54
baif-bbhf 2
bfec-bbhf 2
1177
2
bcjf-bbhh 5
beee-bbhh 60
1178
2
hgi-bbhi 1
bfge-bbhi 1
1179
1
c-bbhj 1
1180
3
ei-bbia 1
edb-bbia 1
ij-bbia 2
1181
1
bdi-bbib 16
1182
2
befc-bbic 1
iab-bbic 32
1183
1
bbdd-bbid 10
1184
3
dee-bbie 1
bbhj-bbie 1
def-bbie 5
1185
2
bij-bbif 2
dcj-bbif 9
1186
1
cig-bbig 1
1187
2
bfd-bbih 2
gc-bbih 11
1188
2
jhc-bbii 1
bfgf-bbii 52
1189
3
beci-bbij 1
bbdf-bbij 8
cdd-bbij 1
1190
2
bacb-bbja 8
fec-bbja 34
1191
2
gje-bbjb 1
ffj-bbjb 1
1192
3
ii-bbjc 1
bbha-bbjc 1
bhc-bbjc 1
1193
1
jig-bbjd 1
1194
1
cbd-bbje 14
1195
4
fcj-bbjf 1
dji-bbjf 1
jbg-bbjf 13
haj-bbjf 34
1196
3
bagj-bbjg 1
hjb-bbjg 1
bbfe-bbjg 8
1197
2
jih-bbjh 2
bcjb-bbjh 7
1198
3
bch-bbji 3
hhi-bbji 4
ijh-bbji 3
1199
1
cig-bbjj 1
1200
2
bbie-bcaa 2
bgb-bcaa 12
1201
4
gce-bcab 1
jjj-bcab 1
dfi-bcab 1
bchi-bcab 1
1202
3
had-bcac 1
fa-bcac 1
hac-bcac 2
1203
3
bgcb-bcad 1
hcd-bcad 1
bdf-bcad 9
1204
2
ibg-bcae 8
bdaj-bcae 3
1205
3
bcda-bcaf 1
bbha-bcaf 1
jh-bcaf 1
1206
2
bgch-bcag 1
babb-bcag 1
1207
1
eed-bcah 1
1208
1
bbcj-bcai 1
1209
1
bbji-bcaj 8
1210
2
ejb-bcba 1
gfc-bcba 1
1211
3
hag-bcbb 2
bdbj-bcbb 13
die-bcbb 16
1212
5
bafj-bcbc 1
dbe-bcbc 1
ef-bcbc 1
bbai-bcbc 2
bcij-bcbc 2
1213
1
baca-bcbd 1
1214
2
gda-bcbe 4
bdd-bcbe 8
1215
2
igc-bcbf 2
bged-bcbf 2
1216
3
dbh-bcbg 1
behc-bcbg 1
iea-bcbg 15
1217
1
bhg-bcbh 1
1218
3
jcf-bcbi 1
jdd-bcbi 4
bfcf-bcbi 1
1219
3
hgc-bcbj 1
bcch-bcbj 1
hjj-bcbj 1
1220
4
fb-bcca 1
bdhj-bcca 1
jfe-bcca 64
behj-bcca 2
1221
3
bcag-bccb 1
egb-bccb 6
cid-bccb 8
1222
1
edj-bccc 1
1223
3
ced-bccd 2
behg-bccd 13
bfed-bccd 27
1224
2
eci-bcce 3
iib-bcce 2
1225
2
bajb-bccf 3
bfhd-bccf 39
1226
2
badf-bccg 2
begg-bccg 7
1227
1
hjg-bcch 1
1228
2
hjd-bcci 72
bcae-bcci 6
1229
6
hci-bccj 1
bg-bccj 1
cfg-bccj 1
dci-bccj 1
bdeb-bccj 1
gbe-bccj 16
1230
3
dh-bcda 1
beii-bcda 1
ijd-bcda 7
1231
3
bbeb-bcdb 1
baci-bcdb 4
bddd-bcdb 1
1232
4
bfga-bcdc 1
bccd-bcdc 1
ghb-bcdc 1
bcj-bcdc 3
1233
3
bagh-bcdd 1
bdid-bcdd 1
bbfh-bcdd 3
1234
5
beje-bcde 1
bcha-bcde 1
gic-bcde 2
cba-bcde 2
baji-bcde 4
1235
1
bbef-bcdf 29
1236
3
chc-bcdg 1
jje-bcdg 5
hjc-bcdg 22
1237
2
faf-bcdh 2
bchf-bcdh 1
1238
3
hee-bcdi 1
cfg-bcdi 10
becb-bcdi 1
1239
1
fdb-bcdj 1
1240
1
becb-bcea 1
1241
2
idj-bceb 3
bfcf-bceb 1
1242
1
dgj-bcec 1
1243
1
bcjd-bced 4
1244
6
ejh-bcee 1
gdf-bcee 1
bdca-bcee 1
bdja-bcee 2
ffd-bcee 1
iai-bcee 1
1245
2
fbj-bcef 12
fbb-bcef 1
1246
1
cca-bceg 1
1247
4
bge-bceh 1
bbdf-bceh 3
bdae-bceh 3
fab-bceh 1
1248
1
bci-bcei 2
1249
3
jfh-bcej 2
ef-bcej 1
gif-bcej 1
1250
2
djh-bcfa 2
jfh-bcfa 58
1252
2
cig-bcfc 1
jbj-bcfc 1
1253
3
beie-bcfd 1
idg-bcfd 1
jeh-bcfd 1
1254
1
jh-bcfe 2
1255
4
ddd-bcff 2
hfh-bcff 4
iie-bcff 4
begg-bcff 11
1256
2
fjj-bcfg 3
bcje-bcfg 1
1257
1
egd-bcfh 2
1258
1
ihe-bcfi 5
1259
4
bchb-bcfj 1
jii-bcfj 1
cig-bcfj 1
ibc-bcfj 1
1260
1
ghc-bcga 1
1261
2
eai-bcgb 18
jae-bcgb 7
1262
2
bahc-bcgc 1
beih-bcgc 5
1263
1
gba-bcgd 1
1264
3
baih-bcge 1
bddi-bcge 1
bgh-bcge 1
1265
1
bbga-bcgf 10
1266
2
bfhf-bcgg 1
beej-bcgg 1
1267
2
cbj-bcgh 1
bdjg-bcgh 6
1268
4
bfh-bcgi 1
hce-bcgi 7
bge-bcgi 3
fca-bcgi 7
1269
3
beae-bcgj 1
bdbg-bcgj 7
bfci-bcgj 4
1270
2
dgg-bcha 1
deh-bcha 2
1271
2
hhd-bchb 3
bdfj-bchb 16
1272
2
bdb-bchc 1
cej-bchc 8
1273
2
jbd-bchd 9
bdaf-bchd 8
1274
2
gcd-bche 2
becg-bche 2
1275
2
hdj-bchf 3
bfag-bchf 14
1276
4
hhj-bchg 6
hga-bchg 8
idc-bchg 2
bebi-bchg 23
1277
5
bbij-bchh 1
cjb-bchh 1
bcjb-bchh 1
bcjj-bchh 8
hhi-bchh 2
1278
2
bcdj-bchi 2
ifh-bchi 2
1279
1
jcd-bchj 8
1280
5
hid-bcia 1
hhg-bcia 1
ibc-bcia 1
baid-bcia 1
bgec-bcia 4
1281
4
dde-bcib 1
bfgd-bcib 1
bje-bcib 1
bdcc-bcib 1
1283
1
bede-bcid 1
1284
3
bbgh-bcie 2
bebd-bcie 1
eic-bcie 24
1285
2
jhh-bcif 1
bdjb-bcif 2
1286
1
fae-bcig 1
1287
1
cae-bcih 1
1288
3
jeh-bcii 1
bafh-bcii 1
cga-bcii 2
1289
1
ebd-bcij 4
1290
3
ica-bcja 3
hhd-bcja 20
bbfi-bcja 12
1291
2
bcaa-bcjb 3
dba-bcjb 6
1292
2
bbdg-bcjc 2
bbaf-bcjc 2
1293
1
hdf-bcjd 9
1294
1
bbfh-bcje 4
1295
4
dde-bcjf 7
fda-bcjf 1
bdjc-bcjf 11
bedc-bcjf 3
1296
2
jce-bcjg 1
eii-bcjg 4
1297
1
dch-bcjh 1
1298
2
ida-bcji 2
dg-bcji 1
1299
2
fig-bcjj 3
bfgi-bcjj 5
1300
3
edh-bdaa 1
eba-bdaa 2
gcj-bdaa 3
1301
2
iji-bdab 4
bdib-bdab 3
1302
2
cgb-bdac 1
gba-bdac 6
1303
3
dja-bdad 1
ch-bdad 2
jdi-bdad 1
1304
2
bbif-bdae 1
bahi-bdae 9
1305
1
ga-bdaf 8
1306
1
badg-bdag 1
1307
2
ibd-bdah 2
beeg-bdah 1
1308
2
bajh-bdai 2
baij-bdai 4
1309
2
hed-bdaj 1
je-bdaj 2
1310
1
bbch-bdba 1
1311
1
jeh-bdbb 1
1312
1
bcgf-bdbc 1
1314
1
hh-bdbe 3
1315
1
hf-bdbf 1
1316
3
bfii-bdbg 1
hdj-bdbg 6
ddc-bdbg 6
1317
1
jhg-bdbh 9
1318
2
dbc-bdbi 5
bfbc-bdbi 2
1319
4
jfa-bdbj 1
bbci-bdbj 5
dhe-bdbj 10
gid-bdbj 26
1320
1
fej-bdca 1
1321
2
cii-bdcb 3
ibj-bdcb 11
1322
2
iig-bdcc 5
bdhf-bdcc 35
1323
2
bbcb-bdcd 4
bdgd-bdcd 5
1324
1
jfc-bdce 4
1325
1
faa-bdcf 4
1326
1
bce-bdcg 6
1327
2
cac-bdch 1
hgc-bdch 19
1328
2
efh-bdci 8
ci-bdci 2
1329
2
feb-bdcj 1
jjc-bdcj 23
1330
2
efh-bdda 8
bebj-bdda 2
1331
1
bbbg-bddb 1
1333
2
bcbf-bddd 1
daa-bddd 2
1334
2
jif-bdde 3
bid-bdde 1
1335
3
gig-bddf 1
bbbg-bddf 1
bbcc-bddf 2
1336
1
badj-bddg 4
1337
1
bffa-bddh 1
1338
1
fjg-bddi 2
1339
3
bj-bddj 1
bcaf-bddj 31
bbbe-bddj 35
1340
1
dc-bdea 36
1341
2
jaf-bdeb 5
bdif-bdeb 9
1342
4
bfaf-bdec 1
ida-bdec 2
cca-bdec 1
bfeg-bdec 1
1343
2
befd-bded 1
bbbi-bded 1
1344
3
gii-bdee 1
bcie-bdee 3
cgc-bdee 1
1345
2
hbe-bdef 1
bbeg-bdef 3
1346
3
bgfb-bdeg 1
hdh-bdeg 2
iai-bdeg 1
1347
2
cfc-bdeh 2
ecj-bdeh 1
1348
1
bccd-bdei 5
1349
2
jag-bdej 6
bfaa-bdej 5
1350
3
jjf-bdfa 1
hdb-bdfa 8
bje-bdfa 5
1351
2
icf-bdfb 1
ijg-bdfb 16
1352
1
hdc-bdfc 1
1353
2
bec-bdfd 13
efb-bdfd 3
1354
2
gdf-bdfe 15
bfeg-bdfe 9
1355
1
jga-bdff 30
1356
2
bib-bdfg 1
bdic-bdfg 3
1357
2
bacc-bdfh 12
bege-bdfh 5
1358
2
jcf-bdfi 1
becc-bdfi 1
1359
3
hae-bdfj 1
bbjf-bdfj 13
cdf-bdfj 1
1360
4
bafa-bdga 1
begc-bdga 1
ihf-bdga 1
ehh-bdga 5
1361
3
bead-bdgb 1
hig-bdgb 3
fca-bdgb 1
1362
2
eba-bdgc 1
bcbd-bdgc 1
1363
2
gga-bdgd 1
gbc-bdgd 6
1364
1
baej-bdge 108
1365
3
fcc-bdgf 1
gdb-bdgf 1
bfbe-bdgf 42
1366
1
fbh-bdgg 3
1367
2
ghj-bdgh 3
eea-bdgh 2
1368
2
bdjb-bdgi 1
bdj-bdgi 16
1369
2
hhh-bdgj 1
bgdi-bdgj 2
1370
3
gfj-bdha 1
daj-bdha 1
behi-bdha 2
1371
2
hbh-bdhb 1
haf-bdhb 2
1372
2
jei-bdhc 1
bahg-bdhc 88
1373
2
bae-bdhd 1
bcbg-bdhd 15
1374
4
ecc-bdhe 1
bagb-bdhe 58
jjj-bdhe 9
baia-bdhe 1
1375
2
bcdh-bdhf 1
bfae-bdhf 32
1376
1
efd-bdhg 6
1377
1
bdfd-bdhh 12
1378
3
ccf-bdhi 1
ihe-bdhi 1
hb-bdhi 4
1379
1
iah-bdhj 1
1380
2
jgg-bdia 1
bgff-bdia 5
1381
1
bcfi-bdib 4
1382
1
hhg-bdic 3
1383
1
beh-bdid 9
1384
1
igc-bdie 4
1385
2
f-bdif 1
fgc-bdif 6
1386
2
bajc-bdig 1
bdge-bdig 106
1387
1
ijf-bdih 1
1388
2
fbg-bdii 1
cch-bdii 1
1389
1
fbg-bdij 2
1390
2
bbhb-bdja 41
bdeb-bdja 2
1391
1
bchd-bdjb 1
1392
2
ifh-bdjc 5
bfbb-bdjc 7
1393
1
eca-bdjd 12
1394
3
cge-bdje 1
bacj-bdje 5
bbjb-bdje 1
1395
1
jig-bdjf 10
1396
1
bdef-bdjg 10
1397
2
bfdf-bdjh 1
baj-bdjh 1
1398
2
bej-bdji 1
egb-bdji 4
1399
2
bccf-bdjj 1
cb-bdjj 1
1400
2
bcfj-beaa 2
eeb-beaa 2
1401
2
baai-beab 2
bdde-beab 2
1403
2
bib-bead 36
bafg-bead 8
1404
1
bdch-beae 11
1405
1
geb-beaf 1
1406
1
cci-beag 12
1407
3
bgfc-beah 1
jie-beah 1
bche-beah 2
1408
1
ida-beai 1
1409
2
bcea-beaj 1
dea-beaj 14
1410
3
bbf-beba 1
bbcb-beba 8
bfg-beba 2
1411
1
bgf-bebb 1
1412
1
bbah-bebc 2
1413
2
babc-bebd 1
bejj-bebd 4
1414
1
bccd-bebe 7
1415
2
bbfj-bebf 50
ghb-bebf 5
1416
1
idj-bebg 1
1417
2
bbgc-bebh 1
dag-bebh 1
1418
1
fad-bebi 26
1419
1
bbec-bebj 4
1420
2
ddg-beca 1
jjf-beca 2
1421
3
jed-becb 1
bcg-becb 1
bfbj-becb 7
1422
2
bcc-becc 7
haf-becc 55
1423
2
bbii-becd 1
fba-becd 1
1424
1
fii-bece 1
1425
2
hce-becf 1
fed-becf 1
1426
1
bagi-becg 1
1427
1
dfj-bech 1
1428
1
bbgj-beci 11
1429
2
hec-becj 1
bdbi-becj 1
1430
3
cbd-beda 1
bc-beda 2
bfhh-beda 34
1431
1
bebd-bedb 3
1432
2
baic-bedc 1
bfaj-bedc 2
1433
1
ceg-bedd 2
1434
2
hf-bede 1
bbda-bede 30
1435
2
ebh-bedf 1
djf-bedf 1
1436
2
jbg-bedg 1
gfg-bedg 1
1437
2
baha-bedh 1
bgai-bedh 1
1438
2
iib-bedi 20
bfba-bedi 1
1439
1
igd-bedj 4
1441
2
bbee-beeb 1
hcf-beeb 21
1442
1
jba-beec 1
1443
3
bfih-beed 1
becd-beed 1
dgj-beed 1
1444
2
hhc-beee 8
eff-beee 52
1445
2
hhf-beef 1
icf-beef 18
1446
3
he-beeg 7
bdeb-beeg 11
befc-beeg 1
1447
1
bdgc-beeh 28
1448
1
bdcg-beei 4
1449
1
cge-beej 1
1450
2
cbc-befa 37
ebe-befa 5
1451
1
babd-befb 11
1452
1
bchf-befc 2
1453
3
dci-befd 1
iia-befd 8
chj-befd 1
1454
1
fif-befe 1
1455
2
hc-beff 2
fid-beff 56
1456
1
bah-befg 10
1457
1
heh-befh 1
1458
1
bahf-befi 1
1459
1
bdgc-befj 1
1460
1
gca-bega 1
1461
1
iie-begb 2
1462
2
bgad-begc 1
ghf-begc 2
1463
1
bdgi-begd 25
1464
2
babb-bege 4
bdci-bege 2
1465
1
dfc-begf 1
1466
2
ifb-begg 1
bfai-begg 1
1467
1
eac-begh 1
1468
1
cff-begi 16
1469
2
bbfb-begj 24
eef-begj 1
1470
3
hcj-beha 1
bebd-beha 1
cji-beha 3
1471
1
bfdh-behb 34
1472
1
ifa-behc 3
1473
1
eda-behd 2
1474
3
baja-behe 3
ihd-behe 3
bgaa-behe 13
1475
1
hdf-behf 2
1476
1
iei-behg 1
1477
1
bcgg-behh 1
1478
2
bjh-behi 1
bgde-behi 1
1479
3
dcd-behj 1
ihb-behj 1
dbd-behj 1
1480
1
ffd-beia 1
1481
1
bdaj-beib 2
1482
3
bbb-beic 3
ec-beic 3
dg-beic 18
1483
2
iai-beid 1
bdje-beid 5
1484
1
cgc-beie 1
1485
3
gab-beif 1
hfb-beif 6
cii-beif 2
1486
2
bedd-beig 1
baf-beig 1
1487
2
dcc-beih 13
ijd-beih 64
1488
1
cbe-beii 1
1489
2
bah-beij 1
che-beij 1
1490
1
cid-beja 1
1491
1
bace-bejb 1
1493
1
badc-bejd 6
1494
1
baag-beje 5
1495
1
jhi-bejf 3
1496
2
cha-bejg 2
bcag-bejg 8
1497
1
bdaa-bejh 10
1498
2
dcf-beji 1
ifa-beji 2
1499
1
cdg-bejj 6
1500
2
bhf-bfaa 2
ccd-bfaa 3
1501
1
fbi-bfab 1
1503
1
jhc-bfad 5
1504
3
ecc-bfae 16
bfah-bfae 16
bai-bfae 2
1505
2
hbb-bfaf 1
bedh-bfaf 35
1506
2
jai-bfag 24
bdad-bfag 3
1507
1
jbf-bfah 1
1508
1
bcaj-bfai 4
1509
1
bcjd-bfaj 1
1510
1
bdgg-bfba 1
1511
1
hda-bfbb 7
1512
1
ijd-bfbc 3
1513
3
bbjd-bfbd 1
fia-bfbd 4
dcg-bfbd 3
1514
1
behh-bfbe 42
1515
2
efe-bfbf 1
bdga-bfbf 1
1516
1
hih-bfbg 9
1518
1
jjc-bfbi 1
1519
1
beif-bfbj 7
1520
1
ghc-bfca 19
1521
3
bbba-bfcb 17
gfa-bfcb 2
gaj-bfcb 46
1522
1
gga-bfcc 4
1523
3
ggc-bfcd 1
bdbj-bfcd 44
bcdc-bfcd 31
1524
1
jh-bfce 2
1525
1
bca-bfcf 2
1526
3
cjc-bfcg 25
bfgg-bfcg 3
bgdj-bfcg 12
1527
1
bafe-bfch 13
1528
1
fjb-bfci 4
1529
2
gh-bfcj 1
dif-bfcj 3
1530
2
baai-bfda 1
bgce-bfda 1
1531
1
iih-bfdb 5
1532
1
bfbc-bfdc 1
1533
1
bcgh-bfdd 1
1534
1
jgf-bfde 1
1535
1
ddf-bfdf 3
1536
1
bdfi-bfdg 1
1537
1
bdec-bfdh 34
1538
2
ihc-bfdi 1
fgc-bfdi 7
1539
2
bddd-bfdj 1
dgg-bfdj 1
1540
1
jdg-bfea 4
1541
1
ggf-bfeb 1
1542
2
bdge-bfec 1
edg-bfec 1
1543
2
iia-bfed 1
iea-bfed 45
1544
2
dae-bfee 20
fhi-bfee 23
1545
4
faa-bfef 1
ied-bfef 15
bgaf-bfef 2
bgda-bfef 2
1546
1
dfb-bfeg 10
1547
1
fdc-bfeh 3
1548
1
cbf-bfei 1
1549
1
bdia-bfej 1
1550
1
iab-bffa 1
1551
1
bda-bffb 5
1552
1
iai-bffc 1
1553
1
egi-bffd 1
1554
1
jai-bffe 1
1555
1
becg-bfff 1
1556
1
gci-bffg 9
1557
1
ghi-bffh 7
1558
1
ed-bffi 1
1559
1
eda-bffj 9
1560
2
dcg-bfga 1
bfj-bfga 1
1561
2
beif-bfgb 67
bcfj-bfgb 8
1562
1
bdac-bfgc 3
1563
1
ihj-bfgd 10
1564
1
chj-bfge 1
1565
2
eig-bfgf 1
bgga-bfgf 52
1566
1
ec-bfgg 3
1567
1
bbie-bfgh 1
1568
3
bgej-bfgi 1
fea-bfgi 4
bgee-bfgi 1
1570
1
cga-bfha 2
1571
1
bhg-bfhb 11
1572
1
dgd-bfhc 2
1573
1
bdgb-bfhd 1
1574
1
bfi-bfhe 1
1575
2
jjj-bfhf 61
ded-bfhf 3
1576
2
ibi-bfhg 1
bfhi-bfhg 24
1577
1
ibh-bfhh 34
1578
1
ice-bfhi 47
1579
2
gih-bfhj 1
bejj-bfhj 2
1580
1
df-bfia 1
1581
1
bdca-bfib 1
1582
2
igc-bfic 1
bgfg-bfic 1
1583
1
hfa-bfid 2
1584
1
ceh-bfie 1
1585
2
caa-bfif 1
dfi-bfif 1
1587
1
cif-bfih 20
1588
2
hjg-bfii 1
edc-bfii 2
1589
1
gih-bfij 5
1590
1
bie-bfja 4
1591
1
icj-bfjb 1
1592
1
bej-bfjc 1
1593
1
bajd-bfjd 2
1594
1
bfba-bfje 2
1595
1
cdg-bfjf 24
1596
1
bdej-bfjg 10
1597
1
bcga-bfjh 1
1598
1
bebd-bfji 1
1599
1
hhg-bfjj 4
1600
1
bcdd-bgaa 13
1601
1
fga-bgab 7
1602
1
babg-bgac 9
1603
1
bdba-bgad 1
1604
1
bajd-bgae 8
1605
1
beab-bgaf 2
1606
1
bed-bgag 1
1607
1
bdhi-bgah 1
1608
1
baji-bgai 22
1609
1
egb-bgaj 1
1610
1
ddd-bgba 2
1611
1
dib-bgbb 2
1612
1
bba-bgbc 1
1613
2
bfje-bgbd 1
bfb-bgbd 1
1614
1
bfhe-bgbe 59
1615
1
bbfa-bgbf 1
1616
1
dff-bgbg 1
1617
2
ece-bgbh 2
bgfh-bgbh 4
1618
1
bfjc-bgbi 4
1619
1
cbj-bgbj 4
1620
1
hjh-bgca 1
1621
1
icd-bgcb 1
1622
2
bdbe-bgcc 1
dga-bgcc 20
1624
1
bacd-bgce 1
1625
1
cib-bgcf 1
1626
1
cba-bgcg 27
1627
1
cga-bgch 13
1628
2
hje-bgci 1
bda-bgci 6
1629
1
beeg-bgcj 1
1630
1
bcai-bgda 2
1631
1
jdd-bgdb 5
1632
1
gbb-bgdc 7
1633
3
ede-bgdd 1
bhf-bgdd 1
bffd-bgdd 1
1634
1
beic-bgde 22
1635
1
bbia-bgdf 4
1636
1
baf-bgdg 4
1637
1
hhh-bgdh 1
1638
2
jdi-bgdi 1
bach-bgdi 2
1639
1
jdb-bgdj 1
1640
1
bcia-bgea 1
1641
1
ega-bgeb 1
1642
2
bacg-bgec 1
djd-bgec 1
1643
1
behi-bged 2
1644
1
hjf-bgee 1
1645
1
fed-bgef 3
1646
1
baca-bgeg 3
1647
1
bece-bgeh 1
1648
1
bgca-bgei 1
1649
1
jej-bgej 36
1650
1
bddj-bgfa 1
1651
1
bhh-bgfb 1
1652
1
bfjg-bgfc 1
1653
2
gif-bgfd 1
ddb-bgfd 1
1654
1
bfcf-bgfe 1
1655
1
bcgh-bgff 5
1656
1
bce-bgfg 1
1657
1
bgbi-bgfh 1
1658
1
bie-bgfi 1
1659
1
eef-bgfj 1
1660
1
bdhi-bgga 52
1661
1
bdhg-bggb 1
